-0.4
-0.3979949874686717
-0.3959899749373434
-0.39398496240601505
-0.39197994987468676
-0.3899749373433584
-0.3879699248120301
-0.3859649122807018
-0.38395989974937345
-0.38195488721804516
-0.3799498746867168
-0.3779448621553885
-0.3759398496240602
-0.37393483709273184
-0.37192982456140355
-0.3699248120300752
-0.36791979949874687
-0.3659147869674186
-0.36390977443609024
-0.36190476190476195
-0.3598997493734336
-0.35789473684210527
-0.355889724310777
-0.35388471177944864
-0.35187969924812035
-0.349874686716792
-0.34786967418546366
-0.3458646616541354
-0.34385964912280703
-0.34185463659147874
-0.3398496240601504
-0.33784461152882206
-0.33583959899749377
-0.33383458646616543
-0.33182957393483714
-0.3298245614035088
-0.32781954887218046
-0.32581453634085217
-0.3238095238095238
-0.32180451127819554
-0.3197994987468672
-0.31779448621553885
-0.31578947368421056
-0.3137844611528822
-0.31177944862155393
-0.3097744360902256
-0.30776942355889725
-0.30576441102756896
-0.3037593984962406
-0.30175438596491233
-0.299749373433584
-0.29774436090225564
-0.29573934837092736
-0.293734335839599
-0.2917293233082707
-0.2897243107769424
-0.28771929824561404
-0.28571428571428575
-0.2837092731829574
-0.2817042606516291
-0.2796992481203008
-0.27769423558897244
-0.27568922305764415
-0.2736842105263158
-0.2716791979949875
-0.2696741854636592
-0.26766917293233083
-0.2656641604010025
-0.2636591478696742
-0.2616541353383459
-0.2596491228070176
-0.25764411027568923
-0.2556390977443609
-0.2536340852130326
-0.2516290726817043
-0.24962406015037597
-0.24761904761904766
-0.2456140350877193
-0.243609022556391
-0.24160401002506268
-0.23959899749373437
-0.23759398496240605
-0.2355889724310777
-0.2335839598997494
-0.23157894736842108
-0.22957393483709276
-0.22756892230576445
-0.2255639097744361
-0.2235588972431078
-0.22155388471177948
-0.21954887218045116
-0.21754385964912284
-0.2155388471177945
-0.2135338345864662
-0.21152882205513787
-0.20952380952380956
-0.2075187969924812
-0.2055137844611529
-0.20350877192982458
-0.20150375939849627
-0.19949874686716795
-0.1974937343358396
-0.1954887218045113
-0.19348370927318298
-0.19147869674185466
-0.18947368421052635
-0.187468671679198
-0.1854636591478697
-0.18345864661654138
-0.18145363408521306
-0.17944862155388475
-0.1774436090225564
-0.1754385964912281
-0.17343358395989977
-0.17142857142857146
-0.16942355889724314
-0.1674185463659148
-0.16541353383458648
-0.16340852130325817
-0.16140350877192985
-0.15939849624060154
-0.1573934837092732
-0.15538847117794488
-0.15338345864661657
-0.15137844611528825
-0.14937343358395994
-0.1473684210526316
-0.1453634085213033
-0.14335839598997496
-0.14135338345864662
-0.13934837092731833
-0.13734335839599
-0.1353383458646617
-0.13333333333333336
-0.13132832080200502
-0.12932330827067673
-0.12731829573934839
-0.1253132832080201
-0.12330827067669176
-0.12130325814536341
-0.11929824561403513
-0.11729323308270678
-0.1152882205513785
-0.11328320802005015
-0.11127819548872181
-0.10927318295739352
-0.10726817042606518
-0.10526315789473689
-0.10325814536340855
-0.1012531328320802
-0.09924812030075192
-0.09724310776942358
-0.09523809523809529
-0.09323308270676695
-0.0912280701754386
-0.08922305764411032
-0.08721804511278197
-0.08521303258145368
-0.08320802005012534
-0.081203007518797
-0.07919799498746871
-0.07719298245614037
-0.07518796992481208
-0.07318295739348374
-0.0711779448621554
-0.06917293233082711
-0.06716791979949877
-0.06516290726817048
-0.06315789473684214
-0.06115288220551379
-0.059147869674185505
-0.05714285714285716
-0.055137844611528875
-0.05313283208020053
-0.05112781954887219
-0.0491228070175439
-0.04711779448621556
-0.04511278195488727
-0.04310776942355893
-0.041102756892230585
-0.0390977443609023
-0.037092731829573955
-0.03508771929824567
-0.033082706766917325
-0.031077694235588982
-0.029072681704260694
-0.02706766917293235
-0.025062656641604064
-0.02305764411027572
-0.02105263157894738
-0.01904761904761909
-0.017042606516290748
-0.015037593984962405
-0.013032581453634118
-0.011027568922305775
-0.009022556390977488
-0.007017543859649145
-0.005012531328320802
-0.0030075187969925143
-0.0010025062656641714
0.001002506265664116
0.003007518796992459
0.005012531328320802
0.007017543859649089
0.009022556390977432
0.01102756892230572
0.013032581453634062
0.015037593984962405
0.017042606516290693
0.019047619047619035
0.021052631578947323
0.023057644110275666
0.02506265664160401
0.027067669172932296
0.02907268170426064
0.031077694235588926
0.03308270676691727
0.03508771929824561
0.0370927318295739
0.03909774436090224
0.04110275689223053
0.04310776942355887
0.045112781954887216
0.0471177944862155
0.049122807017543846
0.05112781954887213
0.053132832080200476
0.05513784461152882
0.057142857142857106
0.05914786967418545
0.06115288220551374
0.06315789473684208
0.06516290726817042
0.06716791979949871
0.06917293233082705
0.07117794486215534
0.07318295739348368
0.07518796992481203
0.07719298245614031
0.07919799498746866
0.08120300751879694
0.08320802005012529
0.08521303258145363
0.08721804511278192
0.08922305764411026
0.09122807017543855
0.09323308270676689
0.09523809523809523
0.09724310776942352
0.09924812030075186
0.10125313283208015
0.1032581453634085
0.10526315789473684
0.10726817042606518
0.10927318295739341
0.11127819548872175
0.1132832080200501
0.11528822055137844
0.11729323308270678
0.11929824561403501
0.12130325814536336
0.1233082706766917
0.12531328320802004
0.12731829573934839
0.12932330827067662
0.13132832080200496
0.1333333333333333
0.13533834586466165
0.13734335839599
0.13934837092731822
0.14135338345864656
0.1433583959899749
0.14536340852130325
0.1473684210526316
0.14937343358395982
0.15137844611528817
0.1533834586466165
0.15538847117794485
0.1573934837092732
0.15939849624060143
0.16140350877192977
0.16340852130325811
0.16541353383458646
0.1674185463659148
0.16942355889724303
0.17142857142857137
0.17343358395989972
0.17543859649122806
0.1774436090225564
0.17944862155388464
0.18145363408521298
0.18345864661654132
0.18546365914786966
0.187468671679198
0.18947368421052624
0.19147869674185458
0.19348370927318292
0.19548872180451127
0.1974937343358396
0.19949874686716784
0.20150375939849619
0.20350877192982453
0.20551378446115287
0.2075187969924812
0.20952380952380945
0.2115288220551378
0.21353383458646613
0.21553884711779447
0.21754385964912282
0.21954887218045105
0.2215538847117794
0.22355889724310773
0.22556390977443608
0.22756892230576442
0.22957393483709265
0.231578947368421
0.23358395989974934
0.23558897243107768
0.23759398496240602
0.23959899749373426
0.2416040100250626
0.24360902255639094
0.24561403508771928
0.24761904761904763
0.24962406015037586
0.2516290726817042
0.25363408521303255
0.2556390977443609
0.25764411027568923
0.25964912280701746
0.2616541353383458
0.26365914786967415
0.2656641604010025
0.26766917293233083
0.26967418546365907
0.2716791979949874
0.27368421052631575
0.2756892230576441
0.27769423558897244
0.27969924812030067
0.281704260651629
0.28370927318295736
0.2857142857142857
0.28771929824561404
0.2897243107769423
0.2917293233082706
0.29373433583959896
0.2957393483709273
0.29774436090225564
0.2997493734335839
0.3017543859649122
0.30375939849624056
0.3057644110275689
0.30776942355889725
0.3097744360902255
0.3117794486215538
0.31378446115288217
0.3157894736842105
0.31779448621553885
0.3197994987468671
0.3218045112781954
0.32380952380952377
0.3258145363408521
0.32781954887218046
0.3298245614035087
0.33182957393483703
0.3338345864661654
0.3358395989974937
0.33784461152882206
0.3398496240601503
0.34185463659147863
0.343859649122807
0.3458646616541353
0.34786967418546366
0.3498746867167919
0.35187969924812024
0.3538847117794486
0.3558897243107769
0.35789473684210527
0.3598997493734335
0.36190476190476184
0.3639097744360902
0.3659147869674185
0.36791979949874687
0.3699248120300752
0.37192982456140344
0.3739348370927318
0.37593984962406013
0.3779448621553885
0.3799498746867168
0.38195488721804505
0.3839598997493734
0.38596491228070173
0.3879699248120301
0.3899749373433584
0.39197994987468665
0.393984962406015
0.39598997493734334
0.3979949874686717
0.4
