-10.0026
-10.0026
-10.0026
-10.0026
-10.0026
-10.0026
-10.0026
-10.0026
-10.0026
-10.0026
-10.0026
-10.0026
-10.0026
-10.0026
-10.0026
-10.0026
-10.0026
-10.0026
-10.0026
-10.0026
-10.0026
-10.0026
-10.0026
-10.0026
-10.0026
-10.0026
-10.0026
-10.0026
-10.0026
-10.0026
-10.0026
-10.0026
-10.0026
-10.0026
-10.0026
-10.0026
-10.0026
-10.0026
-10.0026
-10.0026
-10.0026
-10.0026
-10.0026
-10.0026
-10.0026
-10.0026
-10.0026
-10.0026
-10.0026
-10.0026
-10.0026
-10.0026
-10.0026
-10.0026
-10.0026
-10.0026
-10.0026
-10.0026
-10.0026
-10.0026
-10.0026
-10.0026
-10.0026
-10.0026
-10.0026
-10.0026
-10.0026
-10.0026
-10.0026
-10.0026
-10.0026
-10.0026
-10.0026
-10.0026
-10.0026
-10.0026
-10.0026
-10.0026
-10.0026
-10.0026
-10.0026
-10.0026
-10.0026
-10.0026
-10.0026
-10.0026
-10.0026
-10.0026
-10.0026
-10.0026
-10.0026
-10.0026
-10.0026
-10.0026
-10.0026
-10.0026
-10.0026
-10.0026
-10.0026
-10.0026
-10.0026
-10.0026
-10.0026
-10.0026
-10.0026
-10.0026
-10.0026
-10.0026
-10.0026
-10.0026
-10.0026
-10.0026
-10.0026
-10.0026
-10.0026
-10.0026
-10.0026
-10.0026
-10.0026
-10.0026
-10.0026
-10.0026
-10.0026
-10.0026
-10.0026
-10.0026
-10.0026
-10.0026
-10.0026
-10.0026
-10.0026
-10.0026
-10.0026
-10.0026
-10.0026
-10.0026
-10.0026
-10.0026
-10.0026
-10.0026
-10.0026
-10.0026
-10.0026
-10.0026
-10.0026
-10.0026
-10.0026
-10.0026
-10.0026
-10.0026
-10.0026
-10.0026
-10.0026
-10.0026
-10.0026
-10.0026
-10.0026
-10.0026
-10.0026
-10.0026
-10.0026
-10.0026
-10.0026
-10.0026
-10.0026
-10.0026
-10.0026
-10.0026
-10.0026
-10.0026
-10.0026
-10.0026
-10.0026
-10.0026
-10.0026
-10.0026
-10.0026
-10.0026
-10.0026
-10.0026
-10.0026
-10.0026
-10.0026
-10.0026
-10.0026
-10.0026
-10.0026
-10.0026
-10.0026
-10.0026
-10.0026
-10.0026
-10.0026
-9.676637530026918
-8.169894599391586
-6.673757475760543
-5.1852745860503004
-3.7013554002970417
-2.2199760147935255
-0.7398641705544834
0.7398641705544564
2.219976014793508
3.7013554002970017
5.185274586050237
6.673757475760476
8.169894599391561
9.676637530026904
11.185108952396085
12.615216054632647
13.695222034334344
14.164456708687265
14.212848714559428
14.185209960590292
14.175502514797312
14.174653426025346
14.174652883372026
14.17466437675419
14.174673992648426
14.174682091026671
14.174688975413364
14.174694877035726
14.174699974544685
14.174704407742869
14.17470828730351
14.174711701765212
14.17471472264027
14.174717408101875
14.174719801195893
14.174721787024822
14.174720148999665
14.174670704969852
14.17419461236607
14.171353683542826
14.160988268696771
14.139858681136435
14.12460280604071
14.157921676055471
14.278016240027652
14.48837020996449
14.765894865460695
15.084310937469018
15.425216755782952
15.778046005738187
16.137189573305932
16.499725348325075
16.8641171298981
17.229542475725395
17.595554655672
17.961911274127914
18.328485123833683
18.69521608757282
19.062083987716456
19.42909242905331
19.796258612722372
20.163606545302837
20.53116230650992
20.898950676665223
21.266992753548855
21.635304353208237
22.003895066520364
22.37276787406645
22.74191922971873
23.11133952204904
23.48101382020268
23.850922811387697
24.22104384222568
24.591351985843705
24.96182106969189
25.332424614161795
25.703136647609156
26.073932377987212
26.444788714052304
26.815684639396093
27.186601450212155
27.5575228727934
27.92843507958009
28.299326623529062
28.67018831011321
29.04101302478103
29.411795531616963
29.782532256551377
30.15322106598958
30.523861049356555
30.894452311879707
31.26499578204197
31.63549303652996
32.00594614419051
32.37635752948096
32.74672985511135
33.11706592300577
33.487368592318276
33.85764071300118
34.227885073291134
34.59810435943302
34.96830112600657
35.33847777528123
35.70863654414032
36.07877949723539
36.4489085251729
36.81902534668313
37.189131513840216
37.55922841954392
37.92931730660078
38.29939927784793
38.66947530685377
39.03954624883678
39.409612851521054
39.77967576569418
40.0
40.0
40.0
40.0
40.0
40.0
40.0
40.0
40.0
40.0
40.0
40.0
40.0
40.0
40.0
40.0
40.0
40.0
40.0
40.0
40.0
40.0
40.0
40.0
40.0
40.0
40.0
40.0
40.0
40.0
40.0
40.0
40.0
40.0
40.0
40.0
40.0
40.0
40.0
40.0
40.0
40.0
40.0
40.0
40.0
40.0
40.0
40.0
40.0
40.0
40.0
40.0
40.0
40.0
40.0
40.0
40.0
40.0
40.0
40.0
40.0
40.0
40.0
40.0
40.0
40.0
40.0
40.0
40.0
40.0
40.0
40.0
40.0
40.0
40.0
40.0
40.0
40.0
40.0
40.0
40.0
40.0
40.0
40.0
40.0
40.0
40.0
40.0
40.0
40.0
40.0
40.0
-10.0026
-10.0026
-10.0026
-10.0026
-10.0026
-10.0026
-10.0026
-10.0026
-10.0026
-10.0026
-10.0026
-10.0026
-10.0026
-10.0026
-10.0026
-10.0026
-10.0026
-10.0026
-10.0026
-10.0026
-10.0026
-10.0026
-10.0026
-10.0026
-10.0026
-10.0026
-10.0026
-10.0026
-10.0026
-10.0026
-10.0026
-10.0026
-10.0026
-10.0026
-10.0026
-10.0026
-10.0026
-10.0026
-10.0026
-10.0026
-10.0026
-10.0026
-10.0026
-10.0026
-10.0026
-10.0026
-10.0026
-10.0026
-10.0026
-10.0026
-10.0026
-10.0026
-10.0026
-10.0026
-10.0026
-10.0026
-10.0026
-10.0026
-10.0026
-10.0026
-10.0026
-10.0026
-10.0026
-10.0026
-10.0026
-10.0026
-10.0026
-10.0026
-10.0026
-10.0026
-10.0026
-10.0026
-10.0026
-10.0026
-10.0026
-10.0026
-10.0026
-10.0026
-10.0026
-10.0026
-10.0026
-10.0026
-10.0026
-10.0026
-10.0026
-10.0026
-10.0026
-10.0026
-10.0026
-10.0026
-10.0026
-10.0026
-10.0026
-10.0026
-10.0026
-10.0026
-10.0026
-10.0026
-10.0026
-10.0026
-10.0026
-10.0026
-10.0026
-10.0026
-10.0026
-10.0026
-10.0026
-10.0026
-10.0026
-10.0026
-10.0026
-10.0026
-10.0026
-10.0026
-10.0026
-10.0026
-10.0026
-10.0026
-10.0026
-10.0026
-10.0026
-10.0026
-10.0026
-10.0026
-10.0026
-10.0026
-10.0026
-10.0026
-10.0026
-10.0026
-10.0026
-10.0026
-10.0026
-10.0026
-10.0026
-10.0026
-10.0026
-10.0026
-10.0026
-10.0026
-10.0026
-10.0026
-10.0026
-10.0026
-10.0026
-10.0026
-10.0026
-10.0026
-10.0026
-10.0026
-10.0026
-10.0026
-10.0026
-10.0026
-10.0026
-10.0026
-10.0026
-10.0026
-10.0026
-10.0026
-10.0026
-10.0026
-10.0026
-10.0026
-10.0026
-10.0026
-10.0026
-10.0026
-10.0026
-10.0026
-10.0026
-10.0026
-10.0026
-10.0026
-10.0026
-10.0026
-10.0026
-10.0026
-10.0026
-10.0026
-10.0026
-10.0026
-10.0026
-10.0026
-10.0026
-10.0026
-10.0026
-10.0026
-10.0026
-10.0026
-10.0026
-10.0026
-10.0026
-9.676305933169013
-8.168552705910475
-6.668442216400961
-5.165072949047578
-3.631949065208576
-2.0549485699215913
-0.7566568027555068
-0.17058469438704332
0.4006270482658749
1.5793815961816229
2.994614040326855
4.455465692313833
5.945161800558719
7.451410953275039
8.967525370964118
10.489501166344475
11.98229577040224
13.271040404589593
14.02495004237274
14.21606150422115
14.195893739572494
14.17783479192773
14.174735440615065
14.174639039874803
14.174651897676885
14.17466317551275
14.174672631694461
14.174680638157966
14.174687477001132
14.174693364854202
14.17469847031139
14.174702926175453
14.174706838207333
14.174710291437846
14.174713352614782
14.17471599247057
14.174716192531442
14.174682239969309
14.17431004305653
14.171873577441715
14.162245894722593
14.141105623804568
14.12370063330944
14.154315630064925
14.275224964891136
14.491876877388565
14.779969565945628
15.111243536595595
15.465990043856847
15.833019316018095
16.206467724983728
16.583318757811565
16.962005652722613
17.34170030424915
17.72196014184346
18.102550888545192
18.4833549912143
18.864322354757174
19.245442474751375
19.62672773407416
20.00820276271279
20.389897281049127
20.77184110943251
21.154060664998028
21.536576585366547
21.91940227025624
22.302543195803345
22.685996876386895
23.069753350039548
23.453796060376526
23.83810300800878
24.222648050794504
24.607402245287997
24.9923351399867
25.377415952201446
25.76261458225938
26.14790243926205
26.533253070333732
26.9186425993836
27.304049991612892
27.689457166510792
28.074848985402358
28.46021314035819
28.84553997010229
29.230822226139917
29.616054809159074
30.001234492304153
30.38635964447356
30.771429963574512
31.156446226816158
31.541410062682044
31.926323747234804
32.311190025806766
32.69601195993261
33.08079279850352
33.465535871516664
33.85024450441612
34.23492195082004
34.61957134137142
35.00419564647084
35.38879765075763
35.77337993737563
36.157944880216895
36.54249464252976
36.92703118050622
37.31155625061788
37.69607141966746
38.08057807670007
38.465077446060945
38.84957060101778
39.23405847750494
39.61854188763442
40.0
40.0
40.0
40.0
40.0
40.0
40.0
40.0
40.0
40.0
40.0
40.0
40.0
40.0
40.0
40.0
40.0
40.0
40.0
40.0
40.0
40.0
40.0
40.0
40.0
40.0
40.0
40.0
40.0
40.0
40.0
40.0
40.0
40.0
40.0
40.0
40.0
40.0
40.0
40.0
40.0
40.0
40.0
40.0
40.0
40.0
40.0
40.0
40.0
40.0
40.0
40.0
40.0
40.0
40.0
40.0
40.0
40.0
40.0
40.0
40.0
40.0
40.0
40.0
40.0
40.0
40.0
40.0
40.0
40.0
40.0
40.0
40.0
40.0
40.0
40.0
40.0
40.0
40.0
40.0
40.0
40.0
40.0
40.0
40.0
40.0
40.0
40.0
40.0
40.0
40.0
40.0
40.0
40.0
40.0
-10.0026
-10.0026
-10.0026
-10.0026
-10.0026
-10.0026
-10.0026
-10.0026
-10.0026
-10.0026
-10.0026
-10.0026
-10.0026
-10.0026
-10.0026
-10.0026
-10.0026
-10.0026
-10.0026
-10.0026
-10.0026
-10.0026
-10.0026
-10.0026
-10.0026
-10.0026
-10.0026
-10.0026
-10.0026
-10.0026
-10.0026
-10.0026
-10.0026
-10.0026
-10.0026
-10.0026
-10.0026
-10.0026
-10.0026
-10.0026
-10.0026
-10.0026
-10.0026
-10.0026
-10.0026
-10.0026
-10.0026
-10.0026
-10.0026
-10.0026
-10.0026
-10.0026
-10.0026
-10.0026
-10.0026
-10.0026
-10.0026
-10.0026
-10.0026
-10.0026
-10.0026
-10.0026
-10.0026
-10.0026
-10.0026
-10.0026
-10.0026
-10.0026
-10.0026
-10.0026
-10.0026
-10.0026
-10.0026
-10.0026
-10.0026
-10.0026
-10.0026
-10.0026
-10.0026
-10.0026
-10.0026
-10.0026
-10.0026
-10.0026
-10.0026
-10.0026
-10.0026
-10.0026
-10.0026
-10.0026
-10.0026
-10.0026
-10.0026
-10.0026
-10.0026
-10.0026
-10.0026
-10.0026
-10.0026
-10.0026
-10.0026
-10.0026
-10.0026
-10.0026
-10.0026
-10.0026
-10.0026
-10.0026
-10.0026
-10.0026
-10.0026
-10.0026
-10.0026
-10.0026
-10.0026
-10.0026
-10.0026
-10.0026
-10.0026
-10.0026
-10.0026
-10.0026
-10.0026
-10.0026
-10.0026
-10.0026
-10.0026
-10.0026
-10.0026
-10.0026
-10.0026
-10.0026
-10.0026
-10.0026
-10.0026
-10.0026
-10.0026
-10.0026
-10.0026
-10.0026
-10.0026
-10.0026
-10.0026
-10.0026
-10.0026
-10.0026
-10.0026
-10.0026
-10.0026
-10.0026
-10.0026
-10.0026
-10.0026
-10.0026
-10.0026
-10.0026
-10.0026
-10.0026
-10.0026
-10.0026
-10.0026
-10.0026
-10.0026
-10.0026
-10.0026
-10.0026
-10.0026
-10.0026
-10.0026
-10.0026
-10.0026
-10.0026
-10.0026
-10.0026
-10.0026
-10.0026
-10.0026
-10.0026
-10.0026
-10.0026
-10.0026
-10.0026
-10.0026
-10.0026
-10.0026
-10.0026
-10.0026
-10.0026
-10.0026
-10.0026
-10.0026
-10.0026
-10.0026
-9.676305920883038
-8.168552473441334
-6.668437788844159
-5.16499117526777
-3.6305733373786673
-2.037980311073007
-0.6727185138473168
-0.11790376861619321
-0.09859333647040801
0.17240563307051715
1.0063500255303848
2.293939872077376
3.747334987505428
5.248998122631066
6.762881956073576
8.280658321930154
9.803121844857733
11.319351383086984
12.736818624445583
13.766352137112236
14.180214402633952
14.20966843030129
14.183372024118691
14.175243236158991
14.174640020191362
14.174646071079659
14.174658307101037
14.174668535771303
14.174677159252255
14.174684496906922
14.174690792402396
14.174696234269305
14.174700970231392
14.174705117354266
14.17470876837182
14.174711954121225
14.174713483532063
14.17469142135582
14.174408465746946
14.172360381157036
14.163546572560776
14.142636217244434
14.123265807328693
14.151129846487594
14.272907656663861
14.49635417771807
14.79588832495819
15.141063127753474
15.510739325249244
15.893061197150377
16.281902280718516
16.674153092099527
17.06821945430793
17.463270541682792
17.858870455737037
18.25479520123755
18.650938743148394
19.0472625475691
19.443766920687843
19.840473667220188
20.23741492001719
20.634625580025535
21.032138081581973
21.42997882655475
21.828165930612702
22.22670805561015
22.625604148175217
23.02484391284414
23.424408844779837
23.824273646310143
24.22440785939019
24.62477756381107
25.02534701661104
25.426080138397616
25.826941783550854
26.227898760437913
26.62892059270795
27.02998003217847
27.431053347524003
27.83212042132775
28.23316469180933
28.63417297575225
29.035135206833413
29.436044119626608
29.836894904806453
30.237684856101406
30.638413024763196
31.039079892964654
31.43968707380383
31.840237042494774
32.24073290085312
32.64117817529923
33.04157664723175
33.441932213688474
33.84224877559956
34.24253015062647
34.64278000747745
35.04300181861888
35.44319882845259
35.8433740342546
36.24353017742598
36.64366974287706
37.043794964664755
37.44390783625617
37.844010124064276
38.2441033831277
38.64418897401354
39.044268080241636
39.444341725629606
39.84441079116431
40.0
40.0
40.0
40.0
40.0
40.0
40.0
40.0
40.0
40.0
40.0
40.0
40.0
40.0
40.0
40.0
40.0
40.0
40.0
40.0
40.0
40.0
40.0
40.0
40.0
40.0
40.0
40.0
40.0
40.0
40.0
40.0
40.0
40.0
40.0
40.0
40.0
40.0
40.0
40.0
40.0
40.0
40.0
40.0
40.0
40.0
40.0
40.0
40.0
40.0
40.0
40.0
40.0
40.0
40.0
40.0
40.0
40.0
40.0
40.0
40.0
40.0
40.0
40.0
40.0
40.0
40.0
40.0
40.0
40.0
40.0
40.0
40.0
40.0
40.0
40.0
40.0
40.0
40.0
40.0
40.0
40.0
40.0
40.0
40.0
40.0
40.0
40.0
40.0
40.0
40.0
40.0
40.0
40.0
40.0
40.0
40.0
-10.0026
-10.0026
-10.0026
-10.0026
-10.0026
-10.0026
-10.0026
-10.0026
-10.0026
-10.0026
-10.0026
-10.0026
-10.0026
-10.0026
-10.0026
-10.0026
-10.0026
-10.0026
-10.0026
-10.0026
-10.0026
-10.0026
-10.0026
-10.0026
-10.0026
-10.0026
-10.0026
-10.0026
-10.0026
-10.0026
-10.0026
-10.0026
-10.0026
-10.0026
-10.0026
-10.0026
-10.0026
-10.0026
-10.0026
-10.0026
-10.0026
-10.0026
-10.0026
-10.0026
-10.0026
-10.0026
-10.0026
-10.0026
-10.0026
-10.0026
-10.0026
-10.0026
-10.0026
-10.0026
-10.0026
-10.0026
-10.0026
-10.0026
-10.0026
-10.0026
-10.0026
-10.0026
-10.0026
-10.0026
-10.0026
-10.0026
-10.0026
-10.0026
-10.0026
-10.0026
-10.0026
-10.0026
-10.0026
-10.0026
-10.0026
-10.0026
-10.0026
-10.0026
-10.0026
-10.0026
-10.0026
-10.0026
-10.0026
-10.0026
-10.0026
-10.0026
-10.0026
-10.0026
-10.0026
-10.0026
-10.0026
-10.0026
-10.0026
-10.0026
-10.0026
-10.0026
-10.0026
-10.0026
-10.0026
-10.0026
-10.0026
-10.0026
-10.0026
-10.0026
-10.0026
-10.0026
-10.0026
-10.0026
-10.0026
-10.0026
-10.0026
-10.0026
-10.0026
-10.0026
-10.0026
-10.0026
-10.0026
-10.0026
-10.0026
-10.0026
-10.0026
-10.0026
-10.0026
-10.0026
-10.0026
-10.0026
-10.0026
-10.0026
-10.0026
-10.0026
-10.0026
-10.0026
-10.0026
-10.0026
-10.0026
-10.0026
-10.0026
-10.0026
-10.0026
-10.0026
-10.0026
-10.0026
-10.0026
-10.0026
-10.0026
-10.0026
-10.0026
-10.0026
-10.0026
-10.0026
-10.0026
-10.0026
-10.0026
-10.0026
-10.0026
-10.0026
-10.0026
-10.0026
-10.0026
-10.0026
-10.0026
-10.0026
-10.0026
-10.0026
-10.0026
-10.0026
-10.0026
-10.0026
-10.0026
-10.0026
-10.0026
-10.0026
-10.0026
-10.0026
-10.0026
-10.0026
-10.0026
-10.0026
-10.0026
-10.0026
-10.0026
-10.0026
-10.0026
-10.0026
-10.0026
-10.0026
-10.0026
-10.0026
-10.0026
-10.0026
-10.0026
-10.0026
-10.0026
-9.676305920882918
-8.168552473435268
-6.668437788306759
-5.16499112713515
-3.6305693249415496
-2.0377232528428264
-0.6653462290868536
-0.06559677170598593
-0.04723060354808011
-0.06709895870918932
0.05206884062481533
0.5653109885524137
1.6363820120238772
3.058547345881012
4.5633411535248385
6.079142926515546
7.596415894317326
9.116894088804347
10.639812104770733
12.124183457681784
13.374515195321559
14.064856808013257
14.217366565397029
14.193158633892871
14.17709692656713
14.174697893515805
14.174640130334529
14.174653068295385
14.174664150531468
14.17467345188147
14.17468133447979
14.174688073065283
14.174693878910787
14.174698916642436
14.174703315660366
14.174707157211774
14.17470979862229
14.174696617125594
14.174487355078638
14.172796745491384
14.164823184523044
14.1442957004632
14.123010403597508
14.147890285403005
14.270431929997207
14.501136407172925
14.813074686121565
15.17335267365958
15.559238079470425
15.958146985070778
16.36367252234337
16.77260939752555
17.183337390232733
17.59502546224564
18.007247187303268
18.419791657670267
18.83256697813423
19.245548424007797
19.658748799731214
20.072200302408245
20.485942721892176
20.900015454402595
21.31445208340815
21.72927688727948
22.14450290268975
22.5601312751693
22.97615165390167
23.392543386447144
23.80927726709641
24.226317602168905
24.643624379839014
25.061155368562734
25.478868011907984
25.89672103289627
26.3146757030313
26.73269676670157
27.150753038783808
27.568817711789446
27.986868419499633
28.40488710805006
28.822859764532097
29.240776048879997
29.65862886857589
30.076413928599386
30.49412928189577
30.911774899004097
31.329352269632313
31.746864044108136
32.16431371872381
32.581705365980454
32.99904340857532
33.416332434455654
33.83357704930568
34.250781762325126
34.6679509009597
35.08508855029491
35.50219851303954
35.919284286336925
36.33634905202472
36.75339567737163
37.17042672371604
37.58744446084668
38.004450885299285
38.421447741102966
38.83843654179609
39.25541859278529
39.67239501335648
40.0
40.0
40.0
40.0
40.0
40.0
40.0
40.0
40.0
40.0
40.0
40.0
40.0
40.0
40.0
40.0
40.0
40.0
40.0
40.0
40.0
40.0
40.0
40.0
40.0
40.0
40.0
40.0
40.0
40.0
40.0
40.0
40.0
40.0
40.0
40.0
40.0
40.0
40.0
40.0
40.0
40.0
40.0
40.0
40.0
40.0
40.0
40.0
40.0
40.0
40.0
40.0
40.0
40.0
40.0
40.0
40.0
40.0
40.0
40.0
40.0
40.0
40.0
40.0
40.0
40.0
40.0
40.0
40.0
40.0
40.0
40.0
40.0
40.0
40.0
40.0
40.0
40.0
40.0
40.0
40.0
40.0
40.0
40.0
40.0
40.0
40.0
40.0
40.0
40.0
40.0
40.0
40.0
40.0
40.0
40.0
40.0
40.0
40.0
40.0
-10.0026
-10.0026
-10.0026
-10.0026
-10.0026
-10.0026
-10.0026
-10.0026
-10.0026
-10.0026
-10.0026
-10.0026
-10.0026
-10.0026
-10.0026
-10.0026
-10.0026
-10.0026
-10.0026
-10.0026
-10.0026
-10.0026
-10.0026
-10.0026
-10.0026
-10.0026
-10.0026
-10.0026
-10.0026
-10.0026
-10.0026
-10.0026
-10.0026
-10.0026
-10.0026
-10.0026
-10.0026
-10.0026
-10.0026
-10.0026
-10.0026
-10.0026
-10.0026
-10.0026
-10.0026
-10.0026
-10.0026
-10.0026
-10.0026
-10.0026
-10.0026
-10.0026
-10.0026
-10.0026
-10.0026
-10.0026
-10.0026
-10.0026
-10.0026
-10.0026
-10.0026
-10.0026
-10.0026
-10.0026
-10.0026
-10.0026
-10.0026
-10.0026
-10.0026
-10.0026
-10.0026
-10.0026
-10.0026
-10.0026
-10.0026
-10.0026
-10.0026
-10.0026
-10.0026
-10.0026
-10.0026
-10.0026
-10.0026
-10.0026
-10.0026
-10.0026
-10.0026
-10.0026
-10.0026
-10.0026
-10.0026
-10.0026
-10.0026
-10.0026
-10.0026
-10.0026
-10.0026
-10.0026
-10.0026
-10.0026
-10.0026
-10.0026
-10.0026
-10.0026
-10.0026
-10.0026
-10.0026
-10.0026
-10.0026
-10.0026
-10.0026
-10.0026
-10.0026
-10.0026
-10.0026
-10.0026
-10.0026
-10.0026
-10.0026
-10.0026
-10.0026
-10.0026
-10.0026
-10.0026
-10.0026
-10.0026
-10.0026
-10.0026
-10.0026
-10.0026
-10.0026
-10.0026
-10.0026
-10.0026
-10.0026
-10.0026
-10.0026
-10.0026
-10.0026
-10.0026
-10.0026
-10.0026
-10.0026
-10.0026
-10.0026
-10.0026
-10.0026
-10.0026
-10.0026
-10.0026
-10.0026
-10.0026
-10.0026
-10.0026
-10.0026
-10.0026
-10.0026
-10.0026
-10.0026
-10.0026
-10.0026
-10.0026
-10.0026
-10.0026
-10.0026
-10.0026
-10.0026
-10.0026
-10.0026
-10.0026
-10.0026
-10.0026
-10.0026
-10.0026
-10.0026
-10.0026
-10.0026
-10.0026
-10.0026
-10.0026
-10.0026
-10.0026
-10.0026
-10.0026
-10.0026
-10.0026
-10.0026
-10.0026
-10.0026
-10.0026
-10.0026
-10.0026
-10.0026
-9.676305920882944
-8.168552473435348
-6.668437788306666
-5.16499112713004
-3.6305693228457234
-2.0377225687833858
-0.6652390239890351
-0.06114740658377742
-0.010278429231055944
-0.02658390462028511
-0.056602419845651154
0.01117668064815759
0.27628952868750845
1.0556816970246905
2.3843554252161687
3.8805316567989108
5.395986243404995
6.912913819302855
8.431561278589479
9.954483209656898
11.467523618883599
12.862716173568085
13.834778682579028
14.193521527810498
14.206625596537608
14.181806504734876
14.175059861133144
14.174638070328795
14.174647382896104
14.17465940579817
14.174669458055869
14.174677940983628
14.17468516527427
14.174691368319882
14.174696733874153
14.174701395900316
14.174705069431244
14.174698417475904
14.174548611038018
14.173181504937824
14.166063771528188
14.14607913544878
14.122954019639506
14.144603037627258
14.26777969295844
14.506255555385577
14.831687940606527
15.208433210791792
15.611977421692943
16.028937965227826
16.452608558886645
16.879685602192414
17.308524940010948
17.738298651893913
18.16859340257102
18.59921492061634
19.030088659460176
19.4612063043909
19.892594904663643
20.324297759305967
20.756361903710275
21.188829730776337
21.621733537651007
22.055092352738228
22.488910622449836
22.92317840440866
23.357872720265345
23.792959718194652
24.228397306684766
24.664137954698006
25.100131405950503
25.536327119201456
25.972676313153666
26.40913355618958
26.845657892412905
27.282213533795815
27.7187701733472
28.15530298755506
28.591792400169577
29.028223676312738
29.464586408396656
29.90087394545916
30.337082806940376
30.77321211167727
31.20926304368478
31.645238368521696
32.08114200771747
32.51697867389078
32.95275356564274
33.388472118847055
33.82413980940715
34.259762001686966
34.695343836502644
35.13089015261256
35.56640543593908
36.00189379124127
36.43735893150619
36.87280418094111
37.308232488040154
37.743646445760646
38.179048316395104
38.614440059180694
39.04982335911894
39.48519965583431
39.92057017160609
40.0
40.0
40.0
40.0
40.0
40.0
40.0
40.0
40.0
40.0
40.0
40.0
40.0
40.0
40.0
40.0
40.0
40.0
40.0
40.0
40.0
40.0
40.0
40.0
40.0
40.0
40.0
40.0
40.0
40.0
40.0
40.0
40.0
40.0
40.0
40.0
40.0
40.0
40.0
40.0
40.0
40.0
40.0
40.0
40.0
40.0
40.0
40.0
40.0
40.0
40.0
40.0
40.0
40.0
40.0
40.0
40.0
40.0
40.0
40.0
40.0
40.0
40.0
40.0
40.0
40.0
40.0
40.0
40.0
40.0
40.0
40.0
40.0
40.0
40.0
40.0
40.0
40.0
40.0
40.0
40.0
40.0
40.0
40.0
40.0
40.0
40.0
40.0
40.0
40.0
40.0
40.0
40.0
40.0
40.0
40.0
40.0
40.0
40.0
40.0
40.0
40.0
-10.0026
-10.0026
-10.0026
-10.0026
-10.0026
-10.0026
-10.0026
-10.0026
-10.0026
-10.0026
-10.0026
-10.0026
-10.0026
-10.0026
-10.0026
-10.0026
-10.0026
-10.0026
-10.0026
-10.0026
-10.0026
-10.0026
-10.0026
-10.0026
-10.0026
-10.0026
-10.0026
-10.0026
-10.0026
-10.0026
-10.0026
-10.0026
-10.0026
-10.0026
-10.0026
-10.0026
-10.0026
-10.0026
-10.0026
-10.0026
-10.0026
-10.0026
-10.0026
-10.0026
-10.0026
-10.0026
-10.0026
-10.0026
-10.0026
-10.0026
-10.0026
-10.0026
-10.0026
-10.0026
-10.0026
-10.0026
-10.0026
-10.0026
-10.0026
-10.0026
-10.0026
-10.0026
-10.0026
-10.0026
-10.0026
-10.0026
-10.0026
-10.0026
-10.0026
-10.0026
-10.0026
-10.0026
-10.0026
-10.0026
-10.0026
-10.0026
-10.0026
-10.0026
-10.0026
-10.0026
-10.0026
-10.0026
-10.0026
-10.0026
-10.0026
-10.0026
-10.0026
-10.0026
-10.0026
-10.0026
-10.0026
-10.0026
-10.0026
-10.0026
-10.0026
-10.0026
-10.0026
-10.0026
-10.0026
-10.0026
-10.0026
-10.0026
-10.0026
-10.0026
-10.0026
-10.0026
-10.0026
-10.0026
-10.0026
-10.0026
-10.0026
-10.0026
-10.0026
-10.0026
-10.0026
-10.0026
-10.0026
-10.0026
-10.0026
-10.0026
-10.0026
-10.0026
-10.0026
-10.0026
-10.0026
-10.0026
-10.0026
-10.0026
-10.0026
-10.0026
-10.0026
-10.0026
-10.0026
-10.0026
-10.0026
-10.0026
-10.0026
-10.0026
-10.0026
-10.0026
-10.0026
-10.0026
-10.0026
-10.0026
-10.0026
-10.0026
-10.0026
-10.0026
-10.0026
-10.0026
-10.0026
-10.0026
-10.0026
-10.0026
-10.0026
-10.0026
-10.0026
-10.0026
-10.0026
-10.0026
-10.0026
-10.0026
-10.0026
-10.0026
-10.0026
-10.0026
-10.0026
-10.0026
-10.0026
-10.0026
-10.0026
-10.0026
-10.0026
-10.0026
-10.0026
-10.0026
-10.0026
-10.0026
-10.0026
-10.0026
-10.0026
-10.0026
-10.0026
-10.0026
-10.0026
-10.0026
-10.0026
-10.0026
-10.0026
-10.0026
-10.0026
-10.0026
-10.0026
-9.676305920882877
-8.168552473435241
-6.668437788306827
-5.164991127130013
-3.6305693228454277
-2.0377225684452482
-0.6652387472494916
-0.061084465845778604
-0.007183911074193413
0.0015818993372159042
-0.023873207519944144
-0.05005645992954699
0.007898214208896885
0.1174583690701182
0.5971914308351943
1.7363104508819076
3.2004132098751277
4.713021500357222
6.229723722062438
7.74723463733833
9.268189247798158
10.790451814593867
12.26415632586519
13.47212306698243
14.099129589838142
14.2172009162914
14.190621877561863
14.176499192058554
14.174673134469689
14.174641387011304
14.174654261160864
14.174665147319406
14.174674293204939
14.174682051082462
14.174688688388748
14.174694406666182
14.174699159418289
14.174697291902907
14.174594247487988
14.17351443323297
14.167256215548267
14.1479800172566
14.123119840436447
14.141280057536617
14.264934890073762
14.511753248292164
14.851919899261476
15.246687655515483
15.669540872030854
16.106218190457476
16.549693422230913
16.996562722263455
17.445161110731515
17.894668207836762
18.34468845058707
18.79504867458929
19.245695552573263
19.69664007602113
20.147925147455485
20.599605296466212
21.05173342433866
21.504352179831564
21.957488774067926
22.411152537337074
22.865334685319894
23.320009792385072
23.775138467060835
24.230670738443614
24.686549708816877
25.14271510479265
25.599106454967163
26.055665722027154
26.51233930895801
26.96907943411028
27.425844924567475
27.882601511510273
28.339321727708835
28.79598450980348
29.252574600972306
29.70908183673328
30.16550038117749
30.621827965140913
31.078065163180867
31.534214733562678
31.990281035115043
32.44626952680274
32.90218634995484
33.35803798900424
33.813831004003
34.269571826737625
34.725266611686216
35.180921133098494
35.636540719945664
36.092130221180575
36.54769399460648
37.00323591356397
37.45875938651988
37.91426738550508
38.369762480122375
38.825246874517546
39.28072244532611
39.73619077910978
40.0
40.0
40.0
40.0
40.0
40.0
40.0
40.0
40.0
40.0
40.0
40.0
40.0
40.0
40.0
40.0
40.0
40.0
40.0
40.0
40.0
40.0
40.0
40.0
40.0
40.0
40.0
40.0
40.0
40.0
40.0
40.0
40.0
40.0
40.0
40.0
40.0
40.0
40.0
40.0
40.0
40.0
40.0
40.0
40.0
40.0
40.0
40.0
40.0
40.0
40.0
40.0
40.0
40.0
40.0
40.0
40.0
40.0
40.0
40.0
40.0
40.0
40.0
40.0
40.0
40.0
40.0
40.0
40.0
40.0
40.0
40.0
40.0
40.0
40.0
40.0
40.0
40.0
40.0
40.0
40.0
40.0
40.0
40.0
40.0
40.0
40.0
40.0
40.0
40.0
40.0
40.0
40.0
40.0
40.0
40.0
40.0
40.0
40.0
40.0
40.0
40.0
40.0
40.0
40.0
-10.0026
-10.0026
-10.0026
-10.0026
-10.0026
-10.0026
-10.0026
-10.0026
-10.0026
-10.0026
-10.0026
-10.0026
-10.0026
-10.0026
-10.0026
-10.0026
-10.0026
-10.0026
-10.0026
-10.0026
-10.0026
-10.0026
-10.0026
-10.0026
-10.0026
-10.0026
-10.0026
-10.0026
-10.0026
-10.0026
-10.0026
-10.0026
-10.0026
-10.0026
-10.0026
-10.0026
-10.0026
-10.0026
-10.0026
-10.0026
-10.0026
-10.0026
-10.0026
-10.0026
-10.0026
-10.0026
-10.0026
-10.0026
-10.0026
-10.0026
-10.0026
-10.0026
-10.0026
-10.0026
-10.0026
-10.0026
-10.0026
-10.0026
-10.0026
-10.0026
-10.0026
-10.0026
-10.0026
-10.0026
-10.0026
-10.0026
-10.0026
-10.0026
-10.0026
-10.0026
-10.0026
-10.0026
-10.0026
-10.0026
-10.0026
-10.0026
-10.0026
-10.0026
-10.0026
-10.0026
-10.0026
-10.0026
-10.0026
-10.0026
-10.0026
-10.0026
-10.0026
-10.0026
-10.0026
-10.0026
-10.0026
-10.0026
-10.0026
-10.0026
-10.0026
-10.0026
-10.0026
-10.0026
-10.0026
-10.0026
-10.0026
-10.0026
-10.0026
-10.0026
-10.0026
-10.0026
-10.0026
-10.0026
-10.0026
-10.0026
-10.0026
-10.0026
-10.0026
-10.0026
-10.0026
-10.0026
-10.0026
-10.0026
-10.0026
-10.0026
-10.0026
-10.0026
-10.0026
-10.0026
-10.0026
-10.0026
-10.0026
-10.0026
-10.0026
-10.0026
-10.0026
-10.0026
-10.0026
-10.0026
-10.0026
-10.0026
-10.0026
-10.0026
-10.0026
-10.0026
-10.0026
-10.0026
-10.0026
-10.0026
-10.0026
-10.0026
-10.0026
-10.0026
-10.0026
-10.0026
-10.0026
-10.0026
-10.0026
-10.0026
-10.0026
-10.0026
-10.0026
-10.0026
-10.0026
-10.0026
-10.0026
-10.0026
-10.0026
-10.0026
-10.0026
-10.0026
-10.0026
-10.0026
-10.0026
-10.0026
-10.0026
-10.0026
-10.0026
-10.0026
-10.0026
-10.0026
-10.0026
-10.0026
-10.0026
-10.0026
-10.0026
-10.0026
-10.0026
-10.0026
-10.0026
-10.0026
-10.0026
-10.0026
-10.0026
-10.0026
-10.0026
-10.0026
-10.0026
-9.67630592088285
-8.168552473435376
-6.668437788306774
-5.16499112712996
-3.6305693228455627
-2.037722568445114
-0.6652387471162918
-0.06108430757686491
-0.007141249704296404
0.003899783688781893
-0.0012486369478706526
-0.023076898284500817
-0.03835366068312499
0.004425469906891222
0.05354511063441069
0.28601647181591777
1.146859748703507
2.5271113315754596
4.030606437693248
5.546628815993174
7.063629251171831
8.582627526657479
10.10582735736929
11.614748822611748
12.984387110056574
13.896652393214975
14.203388152604605
14.203504491329062
14.180445213111646
14.174925798013678
14.174637473134322
14.174648675503038
14.174660485193904
14.174670365060543
14.174678710446383
14.174685821893416
14.174691830218523
14.174693549618418
14.174626285793048
14.17379621638936
14.168388118449883
14.14998877696145
14.123532483666043
14.137936849393645
14.26187988726206
14.517678705148798
14.873998824950519
15.288572501390103
15.732624006770175
16.190921916899516
16.656098144611178
17.12464755044674
17.594888838445975
18.066015080371045
18.537654566868273
19.009660850098676
19.482006395704282
19.954724527893145
20.427875107425876
20.901522922081472
21.37572379394848
21.850516064056848
22.32591621999896
22.801917825827122
23.278493008053065
23.755595756431887
24.23316631442507
24.71113599934153
25.189431906529514
25.667981097326713
26.146714022998946
26.62556707587077
27.104484270691827
27.583418138228826
28.062329959853336
28.54118949142949
29.019974323885577
29.498669013559155
29.977264093835583
30.455755055444467
30.934141359308708
31.41242552500503
31.890612320575503
32.36870806586047
32.84672005152699
33.3246560690084
33.80252404211984
34.280331748650156
34.75808661919445
35.23579560049344
35.71346507121805
36.191100799236736
36.66870793071289
37.14629100275456
37.623853972706996
38.101400258444485
38.578932785178466
39.05645403530387
39.53396609866801
40.0
40.0
40.0
40.0
40.0
40.0
40.0
40.0
40.0
40.0
40.0
40.0
40.0
40.0
40.0
40.0
40.0
40.0
40.0
40.0
40.0
40.0
40.0
40.0
40.0
40.0
40.0
40.0
40.0
40.0
40.0
40.0
40.0
40.0
40.0
40.0
40.0
40.0
40.0
40.0
40.0
40.0
40.0
40.0
40.0
40.0
40.0
40.0
40.0
40.0
40.0
40.0
40.0
40.0
40.0
40.0
40.0
40.0
40.0
40.0
40.0
40.0
40.0
40.0
40.0
40.0
40.0
40.0
40.0
40.0
40.0
40.0
40.0
40.0
40.0
40.0
40.0
40.0
40.0
40.0
40.0
40.0
40.0
40.0
40.0
40.0
40.0
40.0
40.0
40.0
40.0
40.0
40.0
40.0
40.0
40.0
40.0
40.0
40.0
40.0
40.0
40.0
40.0
40.0
40.0
40.0
40.0
40.0
-10.0026
-10.0026
-10.0026
-10.0026
-10.0026
-10.0026
-10.0026
-10.0026
-10.0026
-10.0026
-10.0026
-10.0026
-10.0026
-10.0026
-10.0026
-10.0026
-10.0026
-10.0026
-10.0026
-10.0026
-10.0026
-10.0026
-10.0026
-10.0026
-10.0026
-10.0026
-10.0026
-10.0026
-10.0026
-10.0026
-10.0026
-10.0026
-10.0026
-10.0026
-10.0026
-10.0026
-10.0026
-10.0026
-10.0026
-10.0026
-10.0026
-10.0026
-10.0026
-10.0026
-10.0026
-10.0026
-10.0026
-10.0026
-10.0026
-10.0026
-10.0026
-10.0026
-10.0026
-10.0026
-10.0026
-10.0026
-10.0026
-10.0026
-10.0026
-10.0026
-10.0026
-10.0026
-10.0026
-10.0026
-10.0026
-10.0026
-10.0026
-10.0026
-10.0026
-10.0026
-10.0026
-10.0026
-10.0026
-10.0026
-10.0026
-10.0026
-10.0026
-10.0026
-10.0026
-10.0026
-10.0026
-10.0026
-10.0026
-10.0026
-10.0026
-10.0026
-10.0026
-10.0026
-10.0026
-10.0026
-10.0026
-10.0026
-10.0026
-10.0026
-10.0026
-10.0026
-10.0026
-10.0026
-10.0026
-10.0026
-10.0026
-10.0026
-10.0026
-10.0026
-10.0026
-10.0026
-10.0026
-10.0026
-10.0026
-10.0026
-10.0026
-10.0026
-10.0026
-10.0026
-10.0026
-10.0026
-10.0026
-10.0026
-10.0026
-10.0026
-10.0026
-10.0026
-10.0026
-10.0026
-10.0026
-10.0026
-10.0026
-10.0026
-10.0026
-10.0026
-10.0026
-10.0026
-10.0026
-10.0026
-10.0026
-10.0026
-10.0026
-10.0026
-10.0026
-10.0026
-10.0026
-10.0026
-10.0026
-10.0026
-10.0026
-10.0026
-10.0026
-10.0026
-10.0026
-10.0026
-10.0026
-10.0026
-10.0026
-10.0026
-10.0026
-10.0026
-10.0026
-10.0026
-10.0026
-10.0026
-10.0026
-10.0026
-10.0026
-10.0026
-10.0026
-10.0026
-10.0026
-10.0026
-10.0026
-10.0026
-10.0026
-10.0026
-10.0026
-10.0026
-10.0026
-10.0026
-10.0026
-10.0026
-10.0026
-10.0026
-10.0026
-10.0026
-10.0026
-10.0026
-10.0026
-10.0026
-10.0026
-10.0026
-10.0026
-10.0026
-10.0026
-10.0026
-10.0026
-9.676305920882932
-8.168552473435323
-6.668437788306719
-5.164991127130095
-3.6305693228454814
-2.037722568445168
-0.6652387471163187
-0.06108430750254523
-0.00714114512012292
0.003930930916207692
0.0005687548299795515
-0.004327808988596706
-0.01567969160480106
-0.03357909164093856
-4.8801692548357463e-05
0.03968721009924717
0.1087914137191328
0.6647978332972617
1.87312751646487
3.349936534822643
4.863627265845437
6.3803963884379
7.898096384640646
9.419525649400732
10.940750574322209
12.401699332285146
13.563549541496133
14.128084805214975
14.21591905292098
14.18829586852395
14.176023358245557
14.174657280821119
14.174642699275958
14.17465543245912
14.174666127026798
14.174675120255866
14.174682709640367
14.174687310695143
14.174646662120804
14.174028490100657
14.169447130344151
14.152092255195273
14.124217729085181
14.13459326079309
14.258595370370825
14.524090598513782
14.898198562896416
15.334636369624157
15.80206264992794
16.28417129951505
16.7732289047048
17.26562936537758
17.75968155161065
18.254599937211882
18.75004458200141
19.245902722590756
19.742177825468335
20.238928323680053
20.736230984905454
21.234157957215913
21.732762616502995
22.232071868294682
22.732083495805238
23.232767408973007
23.734069683630377
24.235918300736294
24.73822958740998
25.240914534083334
25.743884387175854
26.247055154269205
26.75035087352698
27.253705668480666
27.757064724662374
28.2603843883666
28.763631609398168
29.266782941005523
29.769823283038942
30.27274451845927
30.77554415570979
31.278224054690963
31.780789284550128
32.28324713805875
32.78560630991467
33.287876234161466
33.790066568127955
34.29218680591168
34.79424600256238
35.296252590013516
35.798214266820665
36.30013794550194
36.802029743335844
37.30389500461043
37.80573834444978
38.30756370628614
38.80937442677451
39.31117330346793
39.81296266183445
40.0
40.0
40.0
40.0
40.0
40.0
40.0
40.0
40.0
40.0
40.0
40.0
40.0
40.0
40.0
40.0
40.0
40.0
40.0
40.0
40.0
40.0
40.0
40.0
40.0
40.0
40.0
40.0
40.0
40.0
40.0
40.0
40.0
40.0
40.0
40.0
40.0
40.0
40.0
40.0
40.0
40.0
40.0
40.0
40.0
40.0
40.0
40.0
40.0
40.0
40.0
40.0
40.0
40.0
40.0
40.0
40.0
40.0
40.0
40.0
40.0
40.0
40.0
40.0
40.0
40.0
40.0
40.0
40.0
40.0
40.0
40.0
40.0
40.0
40.0
40.0
40.0
40.0
40.0
40.0
40.0
40.0
40.0
40.0
40.0
40.0
40.0
40.0
40.0
40.0
40.0
40.0
40.0
40.0
40.0
40.0
40.0
40.0
40.0
40.0
40.0
40.0
40.0
40.0
40.0
40.0
40.0
40.0
40.0
40.0
-10.0026
-10.0026
-10.0026
-10.0026
-10.0026
-10.0026
-10.0026
-10.0026
-10.0026
-10.0026
-10.0026
-10.0026
-10.0026
-10.0026
-10.0026
-10.0026
-10.0026
-10.0026
-10.0026
-10.0026
-10.0026
-10.0026
-10.0026
-10.0026
-10.0026
-10.0026
-10.0026
-10.0026
-10.0026
-10.0026
-10.0026
-10.0026
-10.0026
-10.0026
-10.0026
-10.0026
-10.0026
-10.0026
-10.0026
-10.0026
-10.0026
-10.0026
-10.0026
-10.0026
-10.0026
-10.0026
-10.0026
-10.0026
-10.0026
-10.0026
-10.0026
-10.0026
-10.0026
-10.0026
-10.0026
-10.0026
-10.0026
-10.0026
-10.0026
-10.0026
-10.0026
-10.0026
-10.0026
-10.0026
-10.0026
-10.0026
-10.0026
-10.0026
-10.0026
-10.0026
-10.0026
-10.0026
-10.0026
-10.0026
-10.0026
-10.0026
-10.0026
-10.0026
-10.0026
-10.0026
-10.0026
-10.0026
-10.0026
-10.0026
-10.0026
-10.0026
-10.0026
-10.0026
-10.0026
-10.0026
-10.0026
-10.0026
-10.0026
-10.0026
-10.0026
-10.0026
-10.0026
-10.0026
-10.0026
-10.0026
-10.0026
-10.0026
-10.0026
-10.0026
-10.0026
-10.0026
-10.0026
-10.0026
-10.0026
-10.0026
-10.0026
-10.0026
-10.0026
-10.0026
-10.0026
-10.0026
-10.0026
-10.0026
-10.0026
-10.0026
-10.0026
-10.0026
-10.0026
-10.0026
-10.0026
-10.0026
-10.0026
-10.0026
-10.0026
-10.0026
-10.0026
-10.0026
-10.0026
-10.0026
-10.0026
-10.0026
-10.0026
-10.0026
-10.0026
-10.0026
-10.0026
-10.0026
-10.0026
-10.0026
-10.0026
-10.0026
-10.0026
-10.0026
-10.0026
-10.0026
-10.0026
-10.0026
-10.0026
-10.0026
-10.0026
-10.0026
-10.0026
-10.0026
-10.0026
-10.0026
-10.0026
-10.0026
-10.0026
-10.0026
-10.0026
-10.0026
-10.0026
-10.0026
-10.0026
-10.0026
-10.0026
-10.0026
-10.0026
-10.0026
-10.0026
-10.0026
-10.0026
-10.0026
-10.0026
-10.0026
-10.0026
-10.0026
-10.0026
-10.0026
-10.0026
-10.0026
-10.0026
-10.0026
-10.0026
-10.0026
-10.0026
-10.0026
-10.0026
-9.67630592088285
-8.168552473435348
-6.668437788306774
-5.164991127129932
-3.6305693228454547
-2.0377225684452216
-0.6652387471162918
-0.06108430750257213
-0.007141145072378644
0.003931005370246061
0.0005925324079457625
-0.0028588070943801054
0.00019240203096012527
-0.013593219305335526
-0.032701962565581194
0.00232544638743426
0.033395609985786355
0.03317012601511466
0.32517774580630626
1.2676740916502387
2.6745319302748403
4.1810318165089475
5.697289260217973
7.214363045151855
8.73374577038511
10.257103346206787
11.760823708599782
13.101415070603798
13.952074850726294
14.210270375724848
14.200412913658257
14.17927796126376
14.174829730601115
14.17463771424346
14.174649946728744
14.174661545400184
14.174671237871076
14.174678467252305
14.174657121489354
14.174213827174169
14.170421369807995
14.154273154203432
14.125202096138661
14.131274447687671
14.25506029652404
14.531059515011268
14.924850578450325
15.385544470472539
15.878870013695105
16.3873260271367
16.90278912321648
17.42155471198604
17.941931126444455
18.46316499847587
18.984958441058794
19.50724085739405
20.03005224588668
20.553477904014404
21.077609185641197
21.60251952063363
22.12825088958838
22.65480821812694
23.18215985483654
23.71024242687018
24.238968400766264
24.768234806850863
25.297931850487018
25.82795048961086
26.35818843643965
26.888554380317824
27.418970489989523
27.94937342416222
28.47971416564065
29.009957014420312
29.54007805035069
30.070063326094875
30.59990699168798
31.12960949354814
31.659175939495906
32.18861467987498
32.717936123681106
33.24715178675925
33.77627355508774
34.30531313822988
34.834281684529714
35.363189529239435
35.89204604837866
36.42085959386248
36.94963748876778
37.478386065049065
38.00711072935682
38.53581604565358
39.06450582598865
39.59318322307834
40.0
40.0
40.0
40.0
40.0
40.0
40.0
40.0
40.0
40.0
40.0
40.0
40.0
40.0
40.0
40.0
40.0
40.0
40.0
40.0
40.0
40.0
40.0
40.0
40.0
40.0
40.0
40.0
40.0
40.0
40.0
40.0
40.0
40.0
40.0
40.0
40.0
40.0
40.0
40.0
40.0
40.0
40.0
40.0
40.0
40.0
40.0
40.0
40.0
40.0
40.0
40.0
40.0
40.0
40.0
40.0
40.0
40.0
40.0
40.0
40.0
40.0
40.0
40.0
40.0
40.0
40.0
40.0
40.0
40.0
40.0
40.0
40.0
40.0
40.0
40.0
40.0
40.0
40.0
40.0
40.0
40.0
40.0
40.0
40.0
40.0
40.0
40.0
40.0
40.0
40.0
40.0
40.0
40.0
40.0
40.0
40.0
40.0
40.0
40.0
40.0
40.0
40.0
40.0
40.0
40.0
40.0
40.0
40.0
40.0
40.0
40.0
40.0
-10.0026
-10.0026
-10.0026
-10.0026
-10.0026
-10.0026
-10.0026
-10.0026
-10.0026
-10.0026
-10.0026
-10.0026
-10.0026
-10.0026
-10.0026
-10.0026
-10.0026
-10.0026
-10.0026
-10.0026
-10.0026
-10.0026
-10.0026
-10.0026
-10.0026
-10.0026
-10.0026
-10.0026
-10.0026
-10.0026
-10.0026
-10.0026
-10.0026
-10.0026
-10.0026
-10.0026
-10.0026
-10.0026
-10.0026
-10.0026
-10.0026
-10.0026
-10.0026
-10.0026
-10.0026
-10.0026
-10.0026
-10.0026
-10.0026
-10.0026
-10.0026
-10.0026
-10.0026
-10.0026
-10.0026
-10.0026
-10.0026
-10.0026
-10.0026
-10.0026
-10.0026
-10.0026
-10.0026
-10.0026
-10.0026
-10.0026
-10.0026
-10.0026
-10.0026
-10.0026
-10.0026
-10.0026
-10.0026
-10.0026
-10.0026
-10.0026
-10.0026
-10.0026
-10.0026
-10.0026
-10.0026
-10.0026
-10.0026
-10.0026
-10.0026
-10.0026
-10.0026
-10.0026
-10.0026
-10.0026
-10.0026
-10.0026
-10.0026
-10.0026
-10.0026
-10.0026
-10.0026
-10.0026
-10.0026
-10.0026
-10.0026
-10.0026
-10.0026
-10.0026
-10.0026
-10.0026
-10.0026
-10.0026
-10.0026
-10.0026
-10.0026
-10.0026
-10.0026
-10.0026
-10.0026
-10.0026
-10.0026
-10.0026
-10.0026
-10.0026
-10.0026
-10.0026
-10.0026
-10.0026
-10.0026
-10.0026
-10.0026
-10.0026
-10.0026
-10.0026
-10.0026
-10.0026
-10.0026
-10.0026
-10.0026
-10.0026
-10.0026
-10.0026
-10.0026
-10.0026
-10.0026
-10.0026
-10.0026
-10.0026
-10.0026
-10.0026
-10.0026
-10.0026
-10.0026
-10.0026
-10.0026
-10.0026
-10.0026
-10.0026
-10.0026
-10.0026
-10.0026
-10.0026
-10.0026
-10.0026
-10.0026
-10.0026
-10.0026
-10.0026
-10.0026
-10.0026
-10.0026
-10.0026
-10.0026
-10.0026
-10.0026
-10.0026
-10.0026
-10.0026
-10.0026
-10.0026
-10.0026
-10.0026
-10.0026
-10.0026
-10.0026
-10.0026
-10.0026
-10.0026
-10.0026
-10.0026
-10.0026
-10.0026
-10.0026
-10.0026
-10.0026
-10.0026
-10.0026
-9.676305920883012
-8.168552473435348
-6.668437788306719
-5.164991127129905
-3.6305693228454277
-2.037722568445168
-0.6652387471162918
-0.061084307502625924
-0.007141145072351746
0.003931005403519114
0.0005925878051588465
-0.002840088753339473
0.0014059655720152352
0.00010473864111942953
-0.014704909550174509
-0.02721248795243551
0.0026326290814102054
0.02578760667301431
0.01672075453258179
0.12351635910679366
0.7582205932754754
2.0145210781479626
3.4997970215010157
5.014253718935126
6.531074498203363
8.04899730815897
9.570893465442579
11.090609941992692
12.53644911017371
13.648594051128777
14.15209022269465
14.213834303234087
14.186186348532273
14.175651352772343
14.174647528532525
14.174644031611688
14.174656575627614
14.174666623806141
14.174659096893105
14.174355656543925
14.171299937170659
14.156509489368583
14.126512208813995
14.128012024132751
14.25125192225772
14.538671241994072
14.954360031444262
15.442111283763307
15.96428627517835
16.502049550762138
17.046862364312027
17.59492740552216
18.144565821399045
18.695071013202735
19.2462003995727
19.79793548501269
20.350357849812497
20.903578944642
21.457698303084047
22.01277956582331
22.56883935235179
23.12584586101336
23.68372449534694
24.24236789108594
24.801647907738232
25.361427562938992
25.921571464793974
26.48195391539749
27.042464406899434
27.603010642824994
28.16351947248823
28.72393624138728
29.284223070068784
29.84435651689767
30.404324990246604
30.964126177640793
31.52376466889699
32.083249875143316
32.64259428820266
33.20181208435076
33.760918050298066
34.319926794343054
34.87885219896985
35.43770707011236
35.99650294083499
36.55524999171912
37.11395705571902
37.672631680918954
38.23128022999816
38.7899080000766
39.348519350790525
39.907117831945946
40.0
40.0
40.0
40.0
40.0
40.0
40.0
40.0
40.0
40.0
40.0
40.0
40.0
40.0
40.0
40.0
40.0
40.0
40.0
40.0
40.0
40.0
40.0
40.0
40.0
40.0
40.0
40.0
40.0
40.0
40.0
40.0
40.0
40.0
40.0
40.0
40.0
40.0
40.0
40.0
40.0
40.0
40.0
40.0
40.0
40.0
40.0
40.0
40.0
40.0
40.0
40.0
40.0
40.0
40.0
40.0
40.0
40.0
40.0
40.0
40.0
40.0
40.0
40.0
40.0
40.0
40.0
40.0
40.0
40.0
40.0
40.0
40.0
40.0
40.0
40.0
40.0
40.0
40.0
40.0
40.0
40.0
40.0
40.0
40.0
40.0
40.0
40.0
40.0
40.0
40.0
40.0
40.0
40.0
40.0
40.0
40.0
40.0
40.0
40.0
40.0
40.0
40.0
40.0
40.0
40.0
40.0
40.0
40.0
40.0
40.0
40.0
40.0
40.0
40.0
-10.0026
-10.0026
-10.0026
-10.0026
-10.0026
-10.0026
-10.0026
-10.0026
-10.0026
-10.0026
-10.0026
-10.0026
-10.0026
-10.0026
-10.0026
-10.0026
-10.0026
-10.0026
-10.0026
-10.0026
-10.0026
-10.0026
-10.0026
-10.0026
-10.0026
-10.0026
-10.0026
-10.0026
-10.0026
-10.0026
-10.0026
-10.0026
-10.0026
-10.0026
-10.0026
-10.0026
-10.0026
-10.0026
-10.0026
-10.0026
-10.0026
-10.0026
-10.0026
-10.0026
-10.0026
-10.0026
-10.0026
-10.0026
-10.0026
-10.0026
-10.0026
-10.0026
-10.0026
-10.0026
-10.0026
-10.0026
-10.0026
-10.0026
-10.0026
-10.0026
-10.0026
-10.0026
-10.0026
-10.0026
-10.0026
-10.0026
-10.0026
-10.0026
-10.0026
-10.0026
-10.0026
-10.0026
-10.0026
-10.0026
-10.0026
-10.0026
-10.0026
-10.0026
-10.0026
-10.0026
-10.0026
-10.0026
-10.0026
-10.0026
-10.0026
-10.0026
-10.0026
-10.0026
-10.0026
-10.0026
-10.0026
-10.0026
-10.0026
-10.0026
-10.0026
-10.0026
-10.0026
-10.0026
-10.0026
-10.0026
-10.0026
-10.0026
-10.0026
-10.0026
-10.0026
-10.0026
-10.0026
-10.0026
-10.0026
-10.0026
-10.0026
-10.0026
-10.0026
-10.0026
-10.0026
-10.0026
-10.0026
-10.0026
-10.0026
-10.0026
-10.0026
-10.0026
-10.0026
-10.0026
-10.0026
-10.0026
-10.0026
-10.0026
-10.0026
-10.0026
-10.0026
-10.0026
-10.0026
-10.0026
-10.0026
-10.0026
-10.0026
-10.0026
-10.0026
-10.0026
-10.0026
-10.0026
-10.0026
-10.0026
-10.0026
-10.0026
-10.0026
-10.0026
-10.0026
-10.0026
-10.0026
-10.0026
-10.0026
-10.0026
-10.0026
-10.0026
-10.0026
-10.0026
-10.0026
-10.0026
-10.0026
-10.0026
-10.0026
-10.0026
-10.0026
-10.0026
-10.0026
-10.0026
-10.0026
-10.0026
-10.0026
-10.0026
-10.0026
-10.0026
-10.0026
-10.0026
-10.0026
-10.0026
-10.0026
-10.0026
-10.0026
-10.0026
-10.0026
-10.0026
-10.0026
-10.0026
-10.0026
-10.0026
-10.0026
-10.0026
-10.0026
-10.0026
-10.0026
-9.67630592088285
-8.168552473435376
-6.668437788306747
-5.164991127129932
-3.6305693228454814
-2.037722568445168
-0.6652387471163187
-0.06108430750257213
-0.007141145072351746
0.003931005403438419
0.0005925878293134156
-0.002840046241674458
0.0014210331054370399
0.001124101017314494
-0.002724058078569959
-0.01098573467923376
-0.023749822297054798
-0.0007232665657612376
0.02492413195905651
0.013999706566312393
0.030552954664338976
0.3864042391527703
1.3947762012254379
2.8226940969334726
4.331518316577577
5.847952163737292
7.365118146827569
8.884916525984083
10.40827044684836
11.905519503725161
13.213398494771706
14.0012073966243
14.21462034019493
14.19742638984434
14.178291980292679
14.174762311072534
14.174638458480134
14.17465099785355
14.174653567341434
14.174458093281938
14.172073512523168
14.158774080849613
14.128173878065951
14.124845416532713
14.247145961787066
14.547031226311333
14.987227561006597
15.50534486556824
16.05984572616872
16.630398762161853
17.208024699018097
17.788844388606062
18.371211030553578
18.954484657450855
19.538494747261854
20.123285682913806
20.708983442825115
21.295719882843716
21.883589409017905
22.472627396196994
23.06280463417005
23.654033345130323
24.246180539179388
24.839084759043622
25.432572926447556
26.02647496192135
26.620634887146664
27.214918028652168
27.8092146033312
28.40344035193418
28.997535034182494
29.591459577016767
30.185192547120348
30.778726458408794
31.372064264155462
31.96521624401436
32.55819738740171
33.151025297027466
33.74371858592903
34.33629571244363
34.92877418432412
35.521170060636656
36.1134976841378
36.70576958453441
37.29799650232778
37.890187492455986
38.48235007591232
39.07449041539273
39.66661349773728
40.0
40.0
40.0
40.0
40.0
40.0
40.0
40.0
40.0
40.0
40.0
40.0
40.0
40.0
40.0
40.0
40.0
40.0
40.0
40.0
40.0
40.0
40.0
40.0
40.0
40.0
40.0
40.0
40.0
40.0
40.0
40.0
40.0
40.0
40.0
40.0
40.0
40.0
40.0
40.0
40.0
40.0
40.0
40.0
40.0
40.0
40.0
40.0
40.0
40.0
40.0
40.0
40.0
40.0
40.0
40.0
40.0
40.0
40.0
40.0
40.0
40.0
40.0
40.0
40.0
40.0
40.0
40.0
40.0
40.0
40.0
40.0
40.0
40.0
40.0
40.0
40.0
40.0
40.0
40.0
40.0
40.0
40.0
40.0
40.0
40.0
40.0
40.0
40.0
40.0
40.0
40.0
40.0
40.0
40.0
40.0
40.0
40.0
40.0
40.0
40.0
40.0
40.0
40.0
40.0
40.0
40.0
40.0
40.0
40.0
40.0
40.0
40.0
40.0
40.0
40.0
40.0
40.0
-10.0026
-10.0026
-10.0026
-10.0026
-10.0026
-10.0026
-10.0026
-10.0026
-10.0026
-10.0026
-10.0026
-10.0026
-10.0026
-10.0026
-10.0026
-10.0026
-10.0026
-10.0026
-10.0026
-10.0026
-10.0026
-10.0026
-10.0026
-10.0026
-10.0026
-10.0026
-10.0026
-10.0026
-10.0026
-10.0026
-10.0026
-10.0026
-10.0026
-10.0026
-10.0026
-10.0026
-10.0026
-10.0026
-10.0026
-10.0026
-10.0026
-10.0026
-10.0026
-10.0026
-10.0026
-10.0026
-10.0026
-10.0026
-10.0026
-10.0026
-10.0026
-10.0026
-10.0026
-10.0026
-10.0026
-10.0026
-10.0026
-10.0026
-10.0026
-10.0026
-10.0026
-10.0026
-10.0026
-10.0026
-10.0026
-10.0026
-10.0026
-10.0026
-10.0026
-10.0026
-10.0026
-10.0026
-10.0026
-10.0026
-10.0026
-10.0026
-10.0026
-10.0026
-10.0026
-10.0026
-10.0026
-10.0026
-10.0026
-10.0026
-10.0026
-10.0026
-10.0026
-10.0026
-10.0026
-10.0026
-10.0026
-10.0026
-10.0026
-10.0026
-10.0026
-10.0026
-10.0026
-10.0026
-10.0026
-10.0026
-10.0026
-10.0026
-10.0026
-10.0026
-10.0026
-10.0026
-10.0026
-10.0026
-10.0026
-10.0026
-10.0026
-10.0026
-10.0026
-10.0026
-10.0026
-10.0026
-10.0026
-10.0026
-10.0026
-10.0026
-10.0026
-10.0026
-10.0026
-10.0026
-10.0026
-10.0026
-10.0026
-10.0026
-10.0026
-10.0026
-10.0026
-10.0026
-10.0026
-10.0026
-10.0026
-10.0026
-10.0026
-10.0026
-10.0026
-10.0026
-10.0026
-10.0026
-10.0026
-10.0026
-10.0026
-10.0026
-10.0026
-10.0026
-10.0026
-10.0026
-10.0026
-10.0026
-10.0026
-10.0026
-10.0026
-10.0026
-10.0026
-10.0026
-10.0026
-10.0026
-10.0026
-10.0026
-10.0026
-10.0026
-10.0026
-10.0026
-10.0026
-10.0026
-10.0026
-10.0026
-10.0026
-10.0026
-10.0026
-10.0026
-10.0026
-10.0026
-10.0026
-10.0026
-10.0026
-10.0026
-10.0026
-10.0026
-10.0026
-10.0026
-10.0026
-10.0026
-10.0026
-10.0026
-10.0026
-10.0026
-10.0026
-10.0026
-10.0026
-9.676305920883012
-8.168552473435323
-6.668437788306774
-5.164991127129905
-3.630569322845401
-2.0377225684451945
-0.665238747116265
-0.061084307502625924
-0.00714114507243244
0.003931005403519114
0.0005925878293134156
-0.002840046223625777
0.0014210664709395037
0.001136426396152883
-0.0018567826934396587
-0.00041206831005343754
-0.008813480098167827
-0.024127234985815944
8.600160944538832e-06
0.024572746535240917
0.008494414795631374
0.00663645945574752
0.15654201547516092
0.8597529033631316
2.1578138376219647
3.6498406177311713
5.16489300057187
6.68176000464647
8.199941119403121
9.722279881802185
11.239913173352209
12.668018356083355
13.727121852776033
14.17154506097101
14.211211867814322
14.184294124010096
14.175365847325887
14.174641794840033
14.174640910825739
14.174525655913753
14.17273501076215
14.161034149190446
14.130210810526142
14.121823434728913
14.242716958416112
14.556270728882422
15.024079297871994
15.576507900472265
16.167469207233598
16.774947431903396
17.389499604132318
18.00718360547057
18.62641251639914
19.246639848444698
19.867787490527704
20.48997248782453
21.11336230875189
21.73809410422048
22.3642328882806
22.991757111651005
23.62056386398668
24.25048665899599
24.88131921601884
25.512839731980826
26.14483177911565
26.777099759419148
27.409478401100642
28.041836871996647
28.6740786727141
29.306138646140724
29.937978338357603
30.569580702437992
31.200944851980143
31.8320813076199
32.46300796698831
33.093746874093135
33.72432176289901
34.35475629148138
34.98507285595931
35.615291867250285
36.24543138032509
36.87550697914924
37.5055318367782
38.13551688659868
38.765471055934675
39.39540152644523
40.0
40.0
40.0
40.0
40.0
40.0
40.0
40.0
40.0
40.0
40.0
40.0
40.0
40.0
40.0
40.0
40.0
40.0
40.0
40.0
40.0
40.0
40.0
40.0
40.0
40.0
40.0
40.0
40.0
40.0
40.0
40.0
40.0
40.0
40.0
40.0
40.0
40.0
40.0
40.0
40.0
40.0
40.0
40.0
40.0
40.0
40.0
40.0
40.0
40.0
40.0
40.0
40.0
40.0
40.0
40.0
40.0
40.0
40.0
40.0
40.0
40.0
40.0
40.0
40.0
40.0
40.0
40.0
40.0
40.0
40.0
40.0
40.0
40.0
40.0
40.0
40.0
40.0
40.0
40.0
40.0
40.0
40.0
40.0
40.0
40.0
40.0
40.0
40.0
40.0
40.0
40.0
40.0
40.0
40.0
40.0
40.0
40.0
40.0
40.0
40.0
40.0
40.0
40.0
40.0
40.0
40.0
40.0
40.0
40.0
40.0
40.0
40.0
40.0
40.0
40.0
40.0
40.0
40.0
40.0
40.0
-10.0026
-10.0026
-10.0026
-10.0026
-10.0026
-10.0026
-10.0026
-10.0026
-10.0026
-10.0026
-10.0026
-10.0026
-10.0026
-10.0026
-10.0026
-10.0026
-10.0026
-10.0026
-10.0026
-10.0026
-10.0026
-10.0026
-10.0026
-10.0026
-10.0026
-10.0026
-10.0026
-10.0026
-10.0026
-10.0026
-10.0026
-10.0026
-10.0026
-10.0026
-10.0026
-10.0026
-10.0026
-10.0026
-10.0026
-10.0026
-10.0026
-10.0026
-10.0026
-10.0026
-10.0026
-10.0026
-10.0026
-10.0026
-10.0026
-10.0026
-10.0026
-10.0026
-10.0026
-10.0026
-10.0026
-10.0026
-10.0026
-10.0026
-10.0026
-10.0026
-10.0026
-10.0026
-10.0026
-10.0026
-10.0026
-10.0026
-10.0026
-10.0026
-10.0026
-10.0026
-10.0026
-10.0026
-10.0026
-10.0026
-10.0026
-10.0026
-10.0026
-10.0026
-10.0026
-10.0026
-10.0026
-10.0026
-10.0026
-10.0026
-10.0026
-10.0026
-10.0026
-10.0026
-10.0026
-10.0026
-10.0026
-10.0026
-10.0026
-10.0026
-10.0026
-10.0026
-10.0026
-10.0026
-10.0026
-10.0026
-10.0026
-10.0026
-10.0026
-10.0026
-10.0026
-10.0026
-10.0026
-10.0026
-10.0026
-10.0026
-10.0026
-10.0026
-10.0026
-10.0026
-10.0026
-10.0026
-10.0026
-10.0026
-10.0026
-10.0026
-10.0026
-10.0026
-10.0026
-10.0026
-10.0026
-10.0026
-10.0026
-10.0026
-10.0026
-10.0026
-10.0026
-10.0026
-10.0026
-10.0026
-10.0026
-10.0026
-10.0026
-10.0026
-10.0026
-10.0026
-10.0026
-10.0026
-10.0026
-10.0026
-10.0026
-10.0026
-10.0026
-10.0026
-10.0026
-10.0026
-10.0026
-10.0026
-10.0026
-10.0026
-10.0026
-10.0026
-10.0026
-10.0026
-10.0026
-10.0026
-10.0026
-10.0026
-10.0026
-10.0026
-10.0026
-10.0026
-10.0026
-10.0026
-10.0026
-10.0026
-10.0026
-10.0026
-10.0026
-10.0026
-10.0026
-10.0026
-10.0026
-10.0026
-10.0026
-10.0026
-10.0026
-10.0026
-10.0026
-10.0026
-10.0026
-10.0026
-10.0026
-10.0026
-10.0026
-10.0026
-10.0026
-10.0026
-10.0026
-9.676305920882932
-8.168552473435268
-6.668437788306747
-5.16499112713004
-3.630569322845374
-2.037722568445168
-0.6652387471163993
-0.06108430750259902
-0.007141145072378644
0.003931005403384623
0.000592587829367212
-0.002840046223545082
0.0014210664847382718
0.001136453001792072
-0.0018465706678934043
0.00033331392591580584
0.0006074069709186185
-0.01017540752059282
-0.021400235099467143
0.0011626441603302087
0.020163267338561906
0.008239686690923856
0.004751916115427583
0.042711761653881096
0.45568566874368843
1.5259967876639315
2.9714031776409313
4.482051655509151
5.998617182252383
7.515898377927219
9.036138936366179
10.559278350413729
12.04857750615493
13.319961694888635
14.044265946076695
14.21687583523294
14.194595136493303
14.177472219047408
14.17471404026529
14.174563408189412
14.1732802343845
14.163251112112457
14.132642820821742
14.119006058581455
14.237938997136693
14.566555485934762
15.065708973864279
15.657203362665252
16.289593661516633
16.938959268443963
17.595375637260744
18.254869129071416
18.915953037940373
19.578210018076962
20.24167708133958
20.906548342865122
21.57301762744801
22.241196111097572
22.911079032338087
23.582546880622054
24.255388858683414
24.929337271338383
25.604103307658423
26.279407583570713
26.955002029132093
27.630682448391614
28.3062929208276
28.981724112372184
29.65690772715978
30.331809044498687
31.0064190032011
31.68074679237722
32.35481347909254
33.02864688367141
33.702277701337835
34.37573674552861
35.04905312996496
35.722253191671165
36.39535996819374
37.06839306675903
37.74136879272009
38.414300434226504
39.087198626824225
39.76007174436371
40.0
40.0
40.0
40.0
40.0
40.0
40.0
40.0
40.0
40.0
40.0
40.0
40.0
40.0
40.0
40.0
40.0
40.0
40.0
40.0
40.0
40.0
40.0
40.0
40.0
40.0
40.0
40.0
40.0
40.0
40.0
40.0
40.0
40.0
40.0
40.0
40.0
40.0
40.0
40.0
40.0
40.0
40.0
40.0
40.0
40.0
40.0
40.0
40.0
40.0
40.0
40.0
40.0
40.0
40.0
40.0
40.0
40.0
40.0
40.0
40.0
40.0
40.0
40.0
40.0
40.0
40.0
40.0
40.0
40.0
40.0
40.0
40.0
40.0
40.0
40.0
40.0
40.0
40.0
40.0
40.0
40.0
40.0
40.0
40.0
40.0
40.0
40.0
40.0
40.0
40.0
40.0
40.0
40.0
40.0
40.0
40.0
40.0
40.0
40.0
40.0
40.0
40.0
40.0
40.0
40.0
40.0
40.0
40.0
40.0
40.0
40.0
40.0
40.0
40.0
40.0
40.0
40.0
40.0
40.0
40.0
40.0
40.0
-10.0026
-10.0026
-10.0026
-10.0026
-10.0026
-10.0026
-10.0026
-10.0026
-10.0026
-10.0026
-10.0026
-10.0026
-10.0026
-10.0026
-10.0026
-10.0026
-10.0026
-10.0026
-10.0026
-10.0026
-10.0026
-10.0026
-10.0026
-10.0026
-10.0026
-10.0026
-10.0026
-10.0026
-10.0026
-10.0026
-10.0026
-10.0026
-10.0026
-10.0026
-10.0026
-10.0026
-10.0026
-10.0026
-10.0026
-10.0026
-10.0026
-10.0026
-10.0026
-10.0026
-10.0026
-10.0026
-10.0026
-10.0026
-10.0026
-10.0026
-10.0026
-10.0026
-10.0026
-10.0026
-10.0026
-10.0026
-10.0026
-10.0026
-10.0026
-10.0026
-10.0026
-10.0026
-10.0026
-10.0026
-10.0026
-10.0026
-10.0026
-10.0026
-10.0026
-10.0026
-10.0026
-10.0026
-10.0026
-10.0026
-10.0026
-10.0026
-10.0026
-10.0026
-10.0026
-10.0026
-10.0026
-10.0026
-10.0026
-10.0026
-10.0026
-10.0026
-10.0026
-10.0026
-10.0026
-10.0026
-10.0026
-10.0026
-10.0026
-10.0026
-10.0026
-10.0026
-10.0026
-10.0026
-10.0026
-10.0026
-10.0026
-10.0026
-10.0026
-10.0026
-10.0026
-10.0026
-10.0026
-10.0026
-10.0026
-10.0026
-10.0026
-10.0026
-10.0026
-10.0026
-10.0026
-10.0026
-10.0026
-10.0026
-10.0026
-10.0026
-10.0026
-10.0026
-10.0026
-10.0026
-10.0026
-10.0026
-10.0026
-10.0026
-10.0026
-10.0026
-10.0026
-10.0026
-10.0026
-10.0026
-10.0026
-10.0026
-10.0026
-10.0026
-10.0026
-10.0026
-10.0026
-10.0026
-10.0026
-10.0026
-10.0026
-10.0026
-10.0026
-10.0026
-10.0026
-10.0026
-10.0026
-10.0026
-10.0026
-10.0026
-10.0026
-10.0026
-10.0026
-10.0026
-10.0026
-10.0026
-10.0026
-10.0026
-10.0026
-10.0026
-10.0026
-10.0026
-10.0026
-10.0026
-10.0026
-10.0026
-10.0026
-10.0026
-10.0026
-10.0026
-10.0026
-10.0026
-10.0026
-10.0026
-10.0026
-10.0026
-10.0026
-10.0026
-10.0026
-10.0026
-10.0026
-10.0026
-10.0026
-10.0026
-10.0026
-10.0026
-10.0026
-10.0026
-10.0026
-9.676305920882957
-8.168552473435241
-6.6684377883068
-5.16499112713004
-3.6305693228454277
-2.037722568445168
-0.6652387471163993
-0.06108430750257213
-0.007141145072271052
0.003931005403465317
0.0005925878291789246
-0.0028400462237333697
0.0014210664847920682
0.001136453012739633
-0.0018465491793916062
0.0003418648257147539
0.0012534206057479098
-0.0017170643512187818
-0.008403150167193939
-0.018406397465246072
-0.0012180093236902794
0.018781772786685715
0.010340361460089447
0.0002095767316297432
0.007688789319855038
0.19612497770523155
0.9678212700246854
2.3026296837571434
3.8000275574500852
5.315541359138156
6.832455360288909
8.35093117876753
9.873667692895511
11.388522830540309
12.796001343922123
13.799066556080883
14.186874131749907
14.208268180537472
14.18261555882903
14.17511048369034
14.173715369778755
14.165380742576025
14.135483375867443
14.116466418060211
14.232786953892788
14.57809816547041
15.113138226701558
15.749497162767836
16.4293574308705
17.126635654275987
17.830919129269002
18.538254137664136
19.24731244508001
19.957851329517116
20.67004338687505
21.38414947338808
22.1003511180661
22.818676504710687
23.538989630631985
24.261020367041358
24.98441512386812
25.708790981785988
26.433781465980037
27.159068129812496
27.88439714094754
28.609583260167437
29.334504970036743
30.059094538782894
30.783326100876412
31.507203890405084
32.23075187829805
32.95400537560912
33.67700469859358
34.39979071715014
35.12240197691043
35.84487304840342
36.56723377532722
37.2895091402413
38.011719521975124
38.733881174127475
39.45600680268545
40.0
40.0
40.0
40.0
40.0
40.0
40.0
40.0
40.0
40.0
40.0
40.0
40.0
40.0
40.0
40.0
40.0
40.0
40.0
40.0
40.0
40.0
40.0
40.0
40.0
40.0
40.0
40.0
40.0
40.0
40.0
40.0
40.0
40.0
40.0
40.0
40.0
40.0
40.0
40.0
40.0
40.0
40.0
40.0
40.0
40.0
40.0
40.0
40.0
40.0
40.0
40.0
40.0
40.0
40.0
40.0
40.0
40.0
40.0
40.0
40.0
40.0
40.0
40.0
40.0
40.0
40.0
40.0
40.0
40.0
40.0
40.0
40.0
40.0
40.0
40.0
40.0
40.0
40.0
40.0
40.0
40.0
40.0
40.0
40.0
40.0
40.0
40.0
40.0
40.0
40.0
40.0
40.0
40.0
40.0
40.0
40.0
40.0
40.0
40.0
40.0
40.0
40.0
40.0
40.0
40.0
40.0
40.0
40.0
40.0
40.0
40.0
40.0
40.0
40.0
40.0
40.0
40.0
40.0
40.0
40.0
40.0
40.0
40.0
40.0
40.0
-10.0026
-10.0026
-10.0026
-10.0026
-10.0026
-10.0026
-10.0026
-10.0026
-10.0026
-10.0026
-10.0026
-10.0026
-10.0026
-10.0026
-10.0026
-10.0026
-10.0026
-10.0026
-10.0026
-10.0026
-10.0026
-10.0026
-10.0026
-10.0026
-10.0026
-10.0026
-10.0026
-10.0026
-10.0026
-10.0026
-10.0026
-10.0026
-10.0026
-10.0026
-10.0026
-10.0026
-10.0026
-10.0026
-10.0026
-10.0026
-10.0026
-10.0026
-10.0026
-10.0026
-10.0026
-10.0026
-10.0026
-10.0026
-10.0026
-10.0026
-10.0026
-10.0026
-10.0026
-10.0026
-10.0026
-10.0026
-10.0026
-10.0026
-10.0026
-10.0026
-10.0026
-10.0026
-10.0026
-10.0026
-10.0026
-10.0026
-10.0026
-10.0026
-10.0026
-10.0026
-10.0026
-10.0026
-10.0026
-10.0026
-10.0026
-10.0026
-10.0026
-10.0026
-10.0026
-10.0026
-10.0026
-10.0026
-10.0026
-10.0026
-10.0026
-10.0026
-10.0026
-10.0026
-10.0026
-10.0026
-10.0026
-10.0026
-10.0026
-10.0026
-10.0026
-10.0026
-10.0026
-10.0026
-10.0026
-10.0026
-10.0026
-10.0026
-10.0026
-10.0026
-10.0026
-10.0026
-10.0026
-10.0026
-10.0026
-10.0026
-10.0026
-10.0026
-10.0026
-10.0026
-10.0026
-10.0026
-10.0026
-10.0026
-10.0026
-10.0026
-10.0026
-10.0026
-10.0026
-10.0026
-10.0026
-10.0026
-10.0026
-10.0026
-10.0026
-10.0026
-10.0026
-10.0026
-10.0026
-10.0026
-10.0026
-10.0026
-10.0026
-10.0026
-10.0026
-10.0026
-10.0026
-10.0026
-10.0026
-10.0026
-10.0026
-10.0026
-10.0026
-10.0026
-10.0026
-10.0026
-10.0026
-10.0026
-10.0026
-10.0026
-10.0026
-10.0026
-10.0026
-10.0026
-10.0026
-10.0026
-10.0026
-10.0026
-10.0026
-10.0026
-10.0026
-10.0026
-10.0026
-10.0026
-10.0026
-10.0026
-10.0026
-10.0026
-10.0026
-10.0026
-10.0026
-10.0026
-10.0026
-10.0026
-10.0026
-10.0026
-10.0026
-10.0026
-10.0026
-10.0026
-10.0026
-10.0026
-10.0026
-10.0026
-10.0026
-10.0026
-10.0026
-10.0026
-10.0026
-9.676305920882905
-8.168552473435268
-6.668437788306827
-5.164991127130013
-3.6305693228454547
-2.037722568445114
-0.6652387471162918
-0.06108430750267972
-0.007141145072351746
0.003931005403465317
0.0005925878292596192
-0.00284004622357198
0.0014210664847651702
0.001136453012605142
-0.0018465491709724747
0.0003418823688178448
0.001260639005885941
-0.001153283924197993
-0.000772913678421978
-0.006195497074601927
-0.018876550412721283
-0.0014825164313259076
0.019393623582616582
0.007845491909078845
-0.0009615156870741525
0.004468786025224326
0.059562561587904475
0.5321633177030688
1.6607488819841865
3.1205428200288448
4.632621114026741
6.149284566739638
7.666707699680812
9.187410381104929
10.710065548966186
12.189708329196133
13.420766311067712
14.081515759669742
14.217449758616663
14.19193129981214
14.176220063205589
14.167434534489189
14.138736529863657
14.114292920776327
14.227238575143053
14.591176727435528
15.167704980508722
15.856097805705213
16.590871435747168
17.343478859152402
18.103034974315555
18.865689317529313
19.630354996126034
20.397016683585814
21.165988433019724
21.937554390319757
22.71180382836249
23.48858833330558
24.267557399780642
25.048234469506394
25.83010125628843
26.612668335475515
27.395521649006174
28.178344170054487
28.960917692588378
29.74311173577682
30.524866087855635
31.30617188079008
32.08705424434784
32.86755804340181
33.647737120729694
34.4276468219178
35.207339265305684
35.98686072507062
36.766250526661004
37.54554094538808
38.32475770983605
39.103920818684934
39.88304547142127
40.0
40.0
40.0
40.0
40.0
40.0
40.0
40.0
40.0
40.0
40.0
40.0
40.0
40.0
40.0
40.0
40.0
40.0
40.0
40.0
40.0
40.0
40.0
40.0
40.0
40.0
40.0
40.0
40.0
40.0
40.0
40.0
40.0
40.0
40.0
40.0
40.0
40.0
40.0
40.0
40.0
40.0
40.0
40.0
40.0
40.0
40.0
40.0
40.0
40.0
40.0
40.0
40.0
40.0
40.0
40.0
40.0
40.0
40.0
40.0
40.0
40.0
40.0
40.0
40.0
40.0
40.0
40.0
40.0
40.0
40.0
40.0
40.0
40.0
40.0
40.0
40.0
40.0
40.0
40.0
40.0
40.0
40.0
40.0
40.0
40.0
40.0
40.0
40.0
40.0
40.0
40.0
40.0
40.0
40.0
40.0
40.0
40.0
40.0
40.0
40.0
40.0
40.0
40.0
40.0
40.0
40.0
40.0
40.0
40.0
40.0
40.0
40.0
40.0
40.0
40.0
40.0
40.0
40.0
40.0
40.0
40.0
40.0
40.0
40.0
40.0
40.0
40.0
-10.0026
-10.0026
-10.0026
-10.0026
-10.0026
-10.0026
-10.0026
-10.0026
-10.0026
-10.0026
-10.0026
-10.0026
-10.0026
-10.0026
-10.0026
-10.0026
-10.0026
-10.0026
-10.0026
-10.0026
-10.0026
-10.0026
-10.0026
-10.0026
-10.0026
-10.0026
-10.0026
-10.0026
-10.0026
-10.0026
-10.0026
-10.0026
-10.0026
-10.0026
-10.0026
-10.0026
-10.0026
-10.0026
-10.0026
-10.0026
-10.0026
-10.0026
-10.0026
-10.0026
-10.0026
-10.0026
-10.0026
-10.0026
-10.0026
-10.0026
-10.0026
-10.0026
-10.0026
-10.0026
-10.0026
-10.0026
-10.0026
-10.0026
-10.0026
-10.0026
-10.0026
-10.0026
-10.0026
-10.0026
-10.0026
-10.0026
-10.0026
-10.0026
-10.0026
-10.0026
-10.0026
-10.0026
-10.0026
-10.0026
-10.0026
-10.0026
-10.0026
-10.0026
-10.0026
-10.0026
-10.0026
-10.0026
-10.0026
-10.0026
-10.0026
-10.0026
-10.0026
-10.0026
-10.0026
-10.0026
-10.0026
-10.0026
-10.0026
-10.0026
-10.0026
-10.0026
-10.0026
-10.0026
-10.0026
-10.0026
-10.0026
-10.0026
-10.0026
-10.0026
-10.0026
-10.0026
-10.0026
-10.0026
-10.0026
-10.0026
-10.0026
-10.0026
-10.0026
-10.0026
-10.0026
-10.0026
-10.0026
-10.0026
-10.0026
-10.0026
-10.0026
-10.0026
-10.0026
-10.0026
-10.0026
-10.0026
-10.0026
-10.0026
-10.0026
-10.0026
-10.0026
-10.0026
-10.0026
-10.0026
-10.0026
-10.0026
-10.0026
-10.0026
-10.0026
-10.0026
-10.0026
-10.0026
-10.0026
-10.0026
-10.0026
-10.0026
-10.0026
-10.0026
-10.0026
-10.0026
-10.0026
-10.0026
-10.0026
-10.0026
-10.0026
-10.0026
-10.0026
-10.0026
-10.0026
-10.0026
-10.0026
-10.0026
-10.0026
-10.0026
-10.0026
-10.0026
-10.0026
-10.0026
-10.0026
-10.0026
-10.0026
-10.0026
-10.0026
-10.0026
-10.0026
-10.0026
-10.0026
-10.0026
-10.0026
-10.0026
-10.0026
-10.0026
-10.0026
-10.0026
-10.0026
-10.0026
-10.0026
-10.0026
-10.0026
-10.0026
-10.0026
-10.0026
-10.0026
-9.67630592088285
-8.168552473435323
-6.668437788306666
-5.16499112713004
-3.6305693228454814
-2.037722568445114
-0.6652387471163187
-0.061084307502706624
-0.007141145072459338
0.003931005403519114
0.000592587829367212
-0.002840046223679573
0.0014210664847382718
0.001136453012739633
-0.0018465491709724747
0.00034188237554239075
0.0012606534435130135
-0.0011471490709695506
-0.0002780723646597259
0.0007240450071364309
-0.007273057984866286
-0.017730310315870763
-7.06118627601014e-05
0.016703246709256388
0.00666902344959905
0.0020930879095283177
0.0006512415841305228
0.010966414980553953
0.24173231957566677
1.0819652201734207
2.448674682678997
3.9503268744676405
5.4661959556456345
6.98316340386299
8.501970326066749
10.025034425140056
11.536278410669958
12.919981241161707
13.864429978788477
14.198512810629467
14.20483555593895
14.175730928457728
14.142766902587507
14.112595602937445
14.22127782521601
14.606162253771098
15.231196420956213
15.980626487150781
16.77962663380076
17.596839569977238
18.420966341875975
19.248393616291803
20.078388931805367
20.911211336440203
21.74727897599487
22.586789870707424
23.429596394581935
24.27523805763664
25.123057504527317
25.972336323609436
26.82240753628661
27.672725559458133
28.522893644589256
29.37265936114188
30.22189147023815
31.070549591604085
31.918654368583745
32.766262261629066
33.613446448687995
34.46028368709756
35.30684618947336
36.153197308334
36.999389873815495
37.845466219916965
38.69145916616187
39.537393439559125
40.0
40.0
40.0
40.0
40.0
40.0
40.0
40.0
40.0
40.0
40.0
40.0
40.0
40.0
40.0
40.0
40.0
40.0
40.0
40.0
40.0
40.0
40.0
40.0
40.0
40.0
40.0
40.0
40.0
40.0
40.0
40.0
40.0
40.0
40.0
40.0
40.0
40.0
40.0
40.0
40.0
40.0
40.0
40.0
40.0
40.0
40.0
40.0
40.0
40.0
40.0
40.0
40.0
40.0
40.0
40.0
40.0
40.0
40.0
40.0
40.0
40.0
40.0
40.0
40.0
40.0
40.0
40.0
40.0
40.0
40.0
40.0
40.0
40.0
40.0
40.0
40.0
40.0
40.0
40.0
40.0
40.0
40.0
40.0
40.0
40.0
40.0
40.0
40.0
40.0
40.0
40.0
40.0
40.0
40.0
40.0
40.0
40.0
40.0
40.0
40.0
40.0
40.0
40.0
40.0
40.0
40.0
40.0
40.0
40.0
40.0
40.0
40.0
40.0
40.0
40.0
40.0
40.0
40.0
40.0
40.0
40.0
40.0
40.0
40.0
40.0
40.0
40.0
40.0
40.0
40.0
-10.0026
-10.0026
-10.0026
-10.0026
-10.0026
-10.0026
-10.0026
-10.0026
-10.0026
-10.0026
-10.0026
-10.0026
-10.0026
-10.0026
-10.0026
-10.0026
-10.0026
-10.0026
-10.0026
-10.0026
-10.0026
-10.0026
-10.0026
-10.0026
-10.0026
-10.0026
-10.0026
-10.0026
-10.0026
-10.0026
-10.0026
-10.0026
-10.0026
-10.0026
-10.0026
-10.0026
-10.0026
-10.0026
-10.0026
-10.0026
-10.0026
-10.0026
-10.0026
-10.0026
-10.0026
-10.0026
-10.0026
-10.0026
-10.0026
-10.0026
-10.0026
-10.0026
-10.0026
-10.0026
-10.0026
-10.0026
-10.0026
-10.0026
-10.0026
-10.0026
-10.0026
-10.0026
-10.0026
-10.0026
-10.0026
-10.0026
-10.0026
-10.0026
-10.0026
-10.0026
-10.0026
-10.0026
-10.0026
-10.0026
-10.0026
-10.0026
-10.0026
-10.0026
-10.0026
-10.0026
-10.0026
-10.0026
-10.0026
-10.0026
-10.0026
-10.0026
-10.0026
-10.0026
-10.0026
-10.0026
-10.0026
-10.0026
-10.0026
-10.0026
-10.0026
-10.0026
-10.0026
-10.0026
-10.0026
-10.0026
-10.0026
-10.0026
-10.0026
-10.0026
-10.0026
-10.0026
-10.0026
-10.0026
-10.0026
-10.0026
-10.0026
-10.0026
-10.0026
-10.0026
-10.0026
-10.0026
-10.0026
-10.0026
-10.0026
-10.0026
-10.0026
-10.0026
-10.0026
-10.0026
-10.0026
-10.0026
-10.0026
-10.0026
-10.0026
-10.0026
-10.0026
-10.0026
-10.0026
-10.0026
-10.0026
-10.0026
-10.0026
-10.0026
-10.0026
-10.0026
-10.0026
-10.0026
-10.0026
-10.0026
-10.0026
-10.0026
-10.0026
-10.0026
-10.0026
-10.0026
-10.0026
-10.0026
-10.0026
-10.0026
-10.0026
-10.0026
-10.0026
-10.0026
-10.0026
-10.0026
-10.0026
-10.0026
-10.0026
-10.0026
-10.0026
-10.0026
-10.0026
-10.0026
-10.0026
-10.0026
-10.0026
-10.0026
-10.0026
-10.0026
-10.0026
-10.0026
-10.0026
-10.0026
-10.0026
-10.0026
-10.0026
-10.0026
-10.0026
-10.0026
-10.0026
-10.0026
-10.0026
-10.0026
-10.0026
-10.0026
-10.0026
-10.0026
-10.0026
-9.676305920870773
-8.168552473435026
-6.6684377883068
-5.164991127130013
-3.63056932284532
-2.0377225684450604
-0.6652387471163457
-0.06108430750273352
-0.0071411450722979495
0.00393100540357291
0.000592587829232721
-0.002840046223706471
0.0014210664847382718
0.0011364530126858367
-0.0018465491710262711
0.0003418823756230853
0.0012606534490809376
-0.0011471371095085876
-0.0002728266148397843
0.0011605241331682933
-0.0009663863270878819
-0.0067273948295954854
-0.015117083660898692
-0.0015408424722816105
0.014957196674044779
0.008538794859952258
0.0009037743171195836
-0.001984427888435186
0.004663403806074509
0.08075665061329251
0.6158818420907719
1.7984993997214689
3.2700207514646746
4.783218124569799
6.299955114429182
7.817550132710861
9.33872605017751
10.860557528778472
12.328592064953412
13.515518420431738
14.113086197678816
14.21290416174524
14.161346788417367
14.113150657311898
14.214940167756463
14.623562717053979
15.30605518978662
16.12803546077084
17.003125272751856
17.896769897646276
18.79739591017004
19.70183857111218
20.609858557021155
21.521990022301885
22.438614951736675
23.359619634883487
24.284392178098763
25.212001122443247
26.141422652526504
27.071726801758
28.002185070158138
28.932302524697832
29.86179760254217
30.79055580983283
31.718577426395402
32.64593103464023
33.57271782354411
34.49904722219341
35.42502219622946
36.350731788765884
37.27624855189947
38.201628938708794
39.12691523964409
40.0
40.0
40.0
40.0
40.0
40.0
40.0
40.0
40.0
40.0
40.0
40.0
40.0
40.0
40.0
40.0
40.0
40.0
40.0
40.0
40.0
40.0
40.0
40.0
40.0
40.0
40.0
40.0
40.0
40.0
40.0
40.0
40.0
40.0
40.0
40.0
40.0
40.0
40.0
40.0
40.0
40.0
40.0
40.0
40.0
40.0
40.0
40.0
40.0
40.0
40.0
40.0
40.0
40.0
40.0
40.0
40.0
40.0
40.0
40.0
40.0
40.0
40.0
40.0
40.0
40.0
40.0
40.0
40.0
40.0
40.0
40.0
40.0
40.0
40.0
40.0
40.0
40.0
40.0
40.0
40.0
40.0
40.0
40.0
40.0
40.0
40.0
40.0
40.0
40.0
40.0
40.0
40.0
40.0
40.0
40.0
40.0
40.0
40.0
40.0
40.0
40.0
40.0
40.0
40.0
40.0
40.0
40.0
40.0
40.0
40.0
40.0
40.0
40.0
40.0
40.0
40.0
40.0
40.0
40.0
40.0
40.0
40.0
40.0
40.0
40.0
40.0
40.0
40.0
40.0
40.0
40.0
40.0
40.0
-10.0026
-10.0026
-10.0026
-10.0026
-10.0026
-10.0026
-10.0026
-10.0026
-10.0026
-10.0026
-10.0026
-10.0026
-10.0026
-10.0026
-10.0026
-10.0026
-10.0026
-10.0026
-10.0026
-10.0026
-10.0026
-10.0026
-10.0026
-10.0026
-10.0026
-10.0026
-10.0026
-10.0026
-10.0026
-10.0026
-10.0026
-10.0026
-10.0026
-10.0026
-10.0026
-10.0026
-10.0026
-10.0026
-10.0026
-10.0026
-10.0026
-10.0026
-10.0026
-10.0026
-10.0026
-10.0026
-10.0026
-10.0026
-10.0026
-10.0026
-10.0026
-10.0026
-10.0026
-10.0026
-10.0026
-10.0026
-10.0026
-10.0026
-10.0026
-10.0026
-10.0026
-10.0026
-10.0026
-10.0026
-10.0026
-10.0026
-10.0026
-10.0026
-10.0026
-10.0026
-10.0026
-10.0026
-10.0026
-10.0026
-10.0026
-10.0026
-10.0026
-10.0026
-10.0026
-10.0026
-10.0026
-10.0026
-10.0026
-10.0026
-10.0026
-10.0026
-10.0026
-10.0026
-10.0026
-10.0026
-10.0026
-10.0026
-10.0026
-10.0026
-10.0026
-10.0026
-10.0026
-10.0026
-10.0026
-10.0026
-10.0026
-10.0026
-10.0026
-10.0026
-10.0026
-10.0026
-10.0026
-10.0026
-10.0026
-10.0026
-10.0026
-10.0026
-10.0026
-10.0026
-10.0026
-10.0026
-10.0026
-10.0026
-10.0026
-10.0026
-10.0026
-10.0026
-10.0026
-10.0026
-10.0026
-10.0026
-10.0026
-10.0026
-10.0026
-10.0026
-10.0026
-10.0026
-10.0026
-10.0026
-10.0026
-10.0026
-10.0026
-10.0026
-10.0026
-10.0026
-10.0026
-10.0026
-10.0026
-10.0026
-10.0026
-10.0026
-10.0026
-10.0026
-10.0026
-10.0026
-10.0026
-10.0026
-10.0026
-10.0026
-10.0026
-10.0026
-10.0026
-10.0026
-10.0026
-10.0026
-10.0026
-10.0026
-10.0026
-10.0026
-10.0026
-10.0026
-10.0026
-10.0026
-10.0026
-10.0026
-10.0026
-10.0026
-10.0026
-10.0026
-10.0026
-10.0026
-10.0026
-10.0026
-10.0026
-10.0026
-10.0026
-10.0026
-10.0026
-10.0026
-10.0026
-10.0026
-10.0026
-10.0026
-10.0026
-10.0026
-10.0026
-10.0026
-10.0026
-9.67630589574943
-8.168552472422848
-6.668437788245552
-5.164991127124338
-3.630569322844621
-2.0377225684450067
-0.665238747116238
-0.06108430750267972
-0.0071411450722979495
0.003931005403519114
0.000592587829232721
-0.0028400462235988783
0.0014210664847920682
0.0011364530125782437
-0.0018465491709724747
0.0003418823756768817
0.0012606534489733449
-0.0011471371050972856
-0.00027281664266090507
0.001165031523376824
-0.0005797491396293385
-0.000962403197545308
-0.004659250944903468
-0.015279802566443842
-0.0024219069679809577
0.015751603540331737
0.007457668858296319
-0.0008116287089287565
0.0009898258461511925
0.0018020382471217174
0.016301444242797045
0.2936846032208149
1.2016667737967472
2.59570414687512
4.100714226995945
5.6168547519043805
7.133887317609508
8.653060678869183
10.176351236733975
11.682990927760562
13.039423927297163
13.920626660728098
14.182979667055964
14.138734826031627
14.213607337518857
14.644406075498695
15.395715345177214
16.30527900595602
17.271894949439798
18.25740626631221
19.250255498126656
20.248045996067116
21.251152298430387
22.2602342684711
23.275286846276053
24.295490356054756
25.319482707888927
26.34575639402892
27.37298074484937
28.40017108636277
29.42671820608507
30.45233119504955
31.47694652239238
32.500638748215515
33.52354978360737
34.54584071486167
35.567663456544764
36.58914710090418
37.610393832688054
38.6314802875785
39.65246146008959
40.0
40.0
40.0
40.0
40.0
40.0
40.0
40.0
40.0
40.0
40.0
40.0
40.0
40.0
40.0
40.0
40.0
40.0
40.0
40.0
40.0
40.0
40.0
40.0
40.0
40.0
40.0
40.0
40.0
40.0
40.0
40.0
40.0
40.0
40.0
40.0
40.0
40.0
40.0
40.0
40.0
40.0
40.0
40.0
40.0
40.0
40.0
40.0
40.0
40.0
40.0
40.0
40.0
40.0
40.0
40.0
40.0
40.0
40.0
40.0
40.0
40.0
40.0
40.0
40.0
40.0
40.0
40.0
40.0
40.0
40.0
40.0
40.0
40.0
40.0
40.0
40.0
40.0
40.0
40.0
40.0
40.0
40.0
40.0
40.0
40.0
40.0
40.0
40.0
40.0
40.0
40.0
40.0
40.0
40.0
40.0
40.0
40.0
40.0
40.0
40.0
40.0
40.0
40.0
40.0
40.0
40.0
40.0
40.0
40.0
40.0
40.0
40.0
40.0
40.0
40.0
40.0
40.0
40.0
40.0
40.0
40.0
40.0
40.0
40.0
40.0
40.0
40.0
40.0
40.0
40.0
40.0
40.0
40.0
40.0
40.0
-10.0026
-10.0026
-10.0026
-10.0026
-10.0026
-10.0026
-10.0026
-10.0026
-10.0026
-10.0026
-10.0026
-10.0026
-10.0026
-10.0026
-10.0026
-10.0026
-10.0026
-10.0026
-10.0026
-10.0026
-10.0026
-10.0026
-10.0026
-10.0026
-10.0026
-10.0026
-10.0026
-10.0026
-10.0026
-10.0026
-10.0026
-10.0026
-10.0026
-10.0026
-10.0026
-10.0026
-10.0026
-10.0026
-10.0026
-10.0026
-10.0026
-10.0026
-10.0026
-10.0026
-10.0026
-10.0026
-10.0026
-10.0026
-10.0026
-10.0026
-10.0026
-10.0026
-10.0026
-10.0026
-10.0026
-10.0026
-10.0026
-10.0026
-10.0026
-10.0026
-10.0026
-10.0026
-10.0026
-10.0026
-10.0026
-10.0026
-10.0026
-10.0026
-10.0026
-10.0026
-10.0026
-10.0026
-10.0026
-10.0026
-10.0026
-10.0026
-10.0026
-10.0026
-10.0026
-10.0026
-10.0026
-10.0026
-10.0026
-10.0026
-10.0026
-10.0026
-10.0026
-10.0026
-10.0026
-10.0026
-10.0026
-10.0026
-10.0026
-10.0026
-10.0026
-10.0026
-10.0026
-10.0026
-10.0026
-10.0026
-10.0026
-10.0026
-10.0026
-10.0026
-10.0026
-10.0026
-10.0026
-10.0026
-10.0026
-10.0026
-10.0026
-10.0026
-10.0026
-10.0026
-10.0026
-10.0026
-10.0026
-10.0026
-10.0026
-10.0026
-10.0026
-10.0026
-10.0026
-10.0026
-10.0026
-10.0026
-10.0026
-10.0026
-10.0026
-10.0026
-10.0026
-10.0026
-10.0026
-10.0026
-10.0026
-10.0026
-10.0026
-10.0026
-10.0026
-10.0026
-10.0026
-10.0026
-10.0026
-10.0026
-10.0026
-10.0026
-10.0026
-10.0026
-10.0026
-10.0026
-10.0026
-10.0026
-10.0026
-10.0026
-10.0026
-10.0026
-10.0026
-10.0026
-10.0026
-10.0026
-10.0026
-10.0026
-10.0026
-10.0026
-10.0026
-10.0026
-10.0026
-10.0026
-10.0026
-10.0026
-10.0026
-10.0026
-10.0026
-10.0026
-10.0026
-10.0026
-10.0026
-10.0026
-10.0026
-10.0026
-10.0026
-10.0026
-10.0026
-10.0026
-10.0026
-10.0026
-10.0026
-10.0026
-10.0026
-10.0026
-10.0026
-10.0026
-10.0026
-9.67628199123974
-8.168550186292542
-6.668437501087267
-5.164991078590116
-3.6305693120089026
-2.03772256556222
-0.6652387464449669
-0.06108430742661165
-0.007141145066864516
0.003931005402174205
0.0005925878290175356
-0.002840046222630544
0.0014210664842541046
0.0011364530121478727
-0.0018465491703269184
0.00034188237556928894
0.001260653448542974
-0.0011471371047745073
-0.0002728166389489557
0.001165039876984389
-0.000575860545636731
-0.0006186743029174558
0.0006266959732296414
-0.005253795058388741
-0.015095828287650596
-0.0011113001543580747
0.014293768805430927
0.005883925646456504
0.0012460329592783616
0.0009491861448003782
-0.002034172836273013
0.00485830407436819
0.10668789867185818
0.7067864264879712
1.9387617358188147
3.4197641164414674
4.93383579501871
6.4506298911012205
7.968427806782476
9.49005966478641
11.010432199922057
12.462016455572654
13.581380577826225
14.075260479684896
14.243866113925165
14.684571114891789
15.507583412681006
16.522593996252652
17.601195865753823
18.69932461045496
19.805859348231152
20.9195926734645
22.041453089944813
23.171697705858985
24.309228248901068
25.451977287668857
26.597636830637814
27.744246224801145
28.890462783306674
30.03556216873917
31.179295611218627
32.32171334422307
33.46301496558579
34.6034465921887
35.74324180459099
36.88259483363466
38.02165385684598
39.16052488362294
40.0
40.0
40.0
40.0
40.0
40.0
40.0
40.0
40.0
40.0
40.0
40.0
40.0
40.0
40.0
40.0
40.0
40.0
40.0
40.0
40.0
40.0
40.0
40.0
40.0
40.0
40.0
40.0
40.0
40.0
40.0
40.0
40.0
40.0
40.0
40.0
40.0
40.0
40.0
40.0
40.0
40.0
40.0
40.0
40.0
40.0
40.0
40.0
40.0
40.0
40.0
40.0
40.0
40.0
40.0
40.0
40.0
40.0
40.0
40.0
40.0
40.0
40.0
40.0
40.0
40.0
40.0
40.0
40.0
40.0
40.0
40.0
40.0
40.0
40.0
40.0
40.0
40.0
40.0
40.0
40.0
40.0
40.0
40.0
40.0
40.0
40.0
40.0
40.0
40.0
40.0
40.0
40.0
40.0
40.0
40.0
40.0
40.0
40.0
40.0
40.0
40.0
40.0
40.0
40.0
40.0
40.0
40.0
40.0
40.0
40.0
40.0
40.0
40.0
40.0
40.0
40.0
40.0
40.0
40.0
40.0
40.0
40.0
40.0
40.0
40.0
40.0
40.0
40.0
40.0
40.0
40.0
40.0
40.0
40.0
40.0
40.0
40.0
40.0
-10.0026
-10.0026
-10.0026
-10.0026
-10.0026
-10.0026
-10.0026
-10.0026
-10.0026
-10.0026
-10.0026
-10.0026
-10.0026
-10.0026
-10.0026
-10.0026
-10.0026
-10.0026
-10.0026
-10.0026
-10.0026
-10.0026
-10.0026
-10.0026
-10.0026
-10.0026
-10.0026
-10.0026
-10.0026
-10.0026
-10.0026
-10.0026
-10.0026
-10.0026
-10.0026
-10.0026
-10.0026
-10.0026
-10.0026
-10.0026
-10.0026
-10.0026
-10.0026
-10.0026
-10.0026
-10.0026
-10.0026
-10.0026
-10.0026
-10.0026
-10.0026
-10.0026
-10.0026
-10.0026
-10.0026
-10.0026
-10.0026
-10.0026
-10.0026
-10.0026
-10.0026
-10.0026
-10.0026
-10.0026
-10.0026
-10.0026
-10.0026
-10.0026
-10.0026
-10.0026
-10.0026
-10.0026
-10.0026
-10.0026
-10.0026
-10.0026
-10.0026
-10.0026
-10.0026
-10.0026
-10.0026
-10.0026
-10.0026
-10.0026
-10.0026
-10.0026
-10.0026
-10.0026
-10.0026
-10.0026
-10.0026
-10.0026
-10.0026
-10.0026
-10.0026
-10.0026
-10.0026
-10.0026
-10.0026
-10.0026
-10.0026
-10.0026
-10.0026
-10.0026
-10.0026
-10.0026
-10.0026
-10.0026
-10.0026
-10.0026
-10.0026
-10.0026
-10.0026
-10.0026
-10.0026
-10.0026
-10.0026
-10.0026
-10.0026
-10.0026
-10.0026
-10.0026
-10.0026
-10.0026
-10.0026
-10.0026
-10.0026
-10.0026
-10.0026
-10.0026
-10.0026
-10.0026
-10.0026
-10.0026
-10.0026
-10.0026
-10.0026
-10.0026
-10.0026
-10.0026
-10.0026
-10.0026
-10.0026
-10.0026
-10.0026
-10.0026
-10.0026
-10.0026
-10.0026
-10.0026
-10.0026
-10.0026
-10.0026
-10.0026
-10.0026
-10.0026
-10.0026
-10.0026
-10.0026
-10.0026
-10.0026
-10.0026
-10.0026
-10.0026
-10.0026
-10.0026
-10.0026
-10.0026
-10.0026
-10.0026
-10.0026
-10.0026
-10.0026
-10.0026
-10.0026
-10.0026
-10.0026
-10.0026
-10.0026
-10.0026
-10.0026
-10.0026
-10.0026
-10.0026
-10.0026
-10.0026
-10.0026
-10.0026
-10.0026
-10.0026
-10.0026
-10.0026
-10.0026
-9.669673047518875
-8.166719483992695
-6.667877878302273
-5.164797615983806
-3.630495523113343
-2.0376948175986946
-0.6652310608400794
-0.06108339246616732
-0.0071410848110593835
0.003930989046948708
0.0005925852946706546
-0.0028400341890286516
0.0014210604455042405
0.0011364481804271103
-0.0018465413417719017
0.00034188091973198694
0.0012606480938139248
-0.001147132240614535
-0.0002728154849630728
0.0011650349329906072
-0.0005758510786595406
-0.0006153039746311842
0.0009332465649422872
-0.00039009393245455936
-0.005489149342177355
-0.012927659060845833
-0.0017849658025877692
0.012400693842056876
0.0072532317476309265
0.0012817595802306495
-0.0013909318620912699
0.0002731684781680002
0.002868880405292962
0.024241124229139623
0.3522837043136641
1.3263449019045617
2.7434713259190846
4.251055090375565
5.767205137143734
7.283683777340939
8.800955062199854
10.315615386483339
11.7879039961758
13.070908718654028
13.998561082900215
14.753259993733995
15.68349440228766
16.815185122709316
18.022440125230414
19.256127351921304
20.505114761758378
21.767028638177667
23.041457889920324
24.326680403716683
25.619372806123792
26.915825854528627
28.21305360210509
29.509224657640683
30.803548482519272
32.095934601950205
33.38665434511101
34.676100094290575
35.964649732475685
37.25260901526343
38.54020020438931
39.82757273944684
40.0
40.0
40.0
40.0
40.0
40.0
40.0
40.0
40.0
40.0
40.0
40.0
40.0
40.0
40.0
40.0
40.0
40.0
40.0
40.0
40.0
40.0
40.0
40.0
40.0
40.0
40.0
40.0
40.0
40.0
40.0
40.0
40.0
40.0
40.0
40.0
40.0
40.0
40.0
40.0
40.0
40.0
40.0
40.0
40.0
40.0
40.0
40.0
40.0
40.0
40.0
40.0
40.0
40.0
40.0
40.0
40.0
40.0
40.0
40.0
40.0
40.0
40.0
40.0
40.0
40.0
40.0
40.0
40.0
40.0
40.0
40.0
40.0
40.0
40.0
40.0
40.0
40.0
40.0
40.0
40.0
40.0
40.0
40.0
40.0
40.0
40.0
40.0
40.0
40.0
40.0
40.0
40.0
40.0
40.0
40.0
40.0
40.0
40.0
40.0
40.0
40.0
40.0
40.0
40.0
40.0
40.0
40.0
40.0
40.0
40.0
40.0
40.0
40.0
40.0
40.0
40.0
40.0
40.0
40.0
40.0
40.0
40.0
40.0
40.0
40.0
40.0
40.0
40.0
40.0
40.0
40.0
40.0
40.0
40.0
40.0
40.0
40.0
40.0
40.0
40.0
-10.0026
-10.0026
-10.0026
-10.0026
-10.0026
-10.0026
-10.0026
-10.0026
-10.0026
-10.0026
-10.0026
-10.0026
-10.0026
-10.0026
-10.0026
-10.0026
-10.0026
-10.0026
-10.0026
-10.0026
-10.0026
-10.0026
-10.0026
-10.0026
-10.0026
-10.0026
-10.0026
-10.0026
-10.0026
-10.0026
-10.0026
-10.0026
-10.0026
-10.0026
-10.0026
-10.0026
-10.0026
-10.0026
-10.0026
-10.0026
-10.0026
-10.0026
-10.0026
-10.0026
-10.0026
-10.0026
-10.0026
-10.0026
-10.0026
-10.0026
-10.0026
-10.0026
-10.0026
-10.0026
-10.0026
-10.0026
-10.0026
-10.0026
-10.0026
-10.0026
-10.0026
-10.0026
-10.0026
-10.0026
-10.0026
-10.0026
-10.0026
-10.0026
-10.0026
-10.0026
-10.0026
-10.0026
-10.0026
-10.0026
-10.0026
-10.0026
-10.0026
-10.0026
-10.0026
-10.0026
-10.0026
-10.0026
-10.0026
-10.0026
-10.0026
-10.0026
-10.0026
-10.0026
-10.0026
-10.0026
-10.0026
-10.0026
-10.0026
-10.0026
-10.0026
-10.0026
-10.0026
-10.0026
-10.0026
-10.0026
-10.0026
-10.0026
-10.0026
-10.0026
-10.0026
-10.0026
-10.0026
-10.0026
-10.0026
-10.0026
-10.0026
-10.0026
-10.0026
-10.0026
-10.0026
-10.0026
-10.0026
-10.0026
-10.0026
-10.0026
-10.0026
-10.0026
-10.0026
-10.0026
-10.0026
-10.0026
-10.0026
-10.0026
-10.0026
-10.0026
-10.0026
-10.0026
-10.0026
-10.0026
-10.0026
-10.0026
-10.0026
-10.0026
-10.0026
-10.0026
-10.0026
-10.0026
-10.0026
-10.0026
-10.0026
-10.0026
-10.0026
-10.0026
-10.0026
-10.0026
-10.0026
-10.0026
-10.0026
-10.0026
-10.0026
-10.0026
-10.0026
-10.0026
-10.0026
-10.0026
-10.0026
-10.0026
-10.0026
-10.0026
-10.0026
-10.0026
-10.0026
-10.0026
-10.0026
-10.0026
-10.0026
-10.0026
-10.0026
-10.0026
-10.0026
-10.0026
-10.0026
-10.0026
-10.0026
-10.0026
-10.0026
-10.0026
-10.0026
-10.0026
-10.0026
-10.0026
-10.0026
-10.0026
-10.0026
-10.0026
-10.0026
-10.0026
-10.0026
-9.592054957259487
-8.115311120948201
-6.6356255499432635
-5.145017452118553
-3.6190035835819634
-2.032070569529511
-0.6633674179701123
-0.06078538225445462
-0.00713340667144003
0.003934618713644069
0.0005930989524491175
-0.0028425975195635546
0.001422327827405704
0.0011374592261871718
-0.0018482037293130122
0.000342183354895386
0.001261774119303763
-0.0011481642996661807
-0.00027306337346085885
0.0011660771720365002
-0.0005763695855349929
-0.0006158523581263692
0.0009370107861441368
-0.00011599634598928973
-0.001003141929509196
-0.0037053538146898934
-0.01261332476899007
-0.002974263593954288
0.012955059720455245
0.007097127399649605
-0.0005068968860101701
0.00016577702655804662
0.0014316629590056759
-0.0016841007007357162
0.005311495203917854
0.13721335828502357
0.8023474239603943
2.075016102337533
3.5579954659847957
5.064508150952379
6.568566037131973
8.066174978443282
9.5572093034933
11.042962413214024
12.524966218990564
14.004499136652335
15.482481675831549
16.95952444815808
18.43601189967602
19.912177518474927
21.388159440348925
22.86403778334926
24.33985830229178
25.815646806616982
27.29141770914187
28.76717899155925
30.242935043130533
31.718688263176144
33.194439956495195
34.67019082948225
36.145941263059996
37.6216914619241
39.097441535728265
40.0
40.0
40.0
40.0
40.0
40.0
40.0
40.0
40.0
40.0
40.0
40.0
40.0
40.0
40.0
40.0
40.0
40.0
40.0
40.0
40.0
40.0
40.0
40.0
40.0
40.0
40.0
40.0
40.0
40.0
40.0
40.0
40.0
40.0
40.0
40.0
40.0
40.0
40.0
40.0
40.0
40.0
40.0
40.0
40.0
40.0
40.0
40.0
40.0
40.0
40.0
40.0
40.0
40.0
40.0
40.0
40.0
40.0
40.0
40.0
40.0
40.0
40.0
40.0
40.0
40.0
40.0
40.0
40.0
40.0
40.0
40.0
40.0
40.0
40.0
40.0
40.0
40.0
40.0
40.0
40.0
40.0
40.0
40.0
40.0
40.0
40.0
40.0
40.0
40.0
40.0
40.0
40.0
40.0
40.0
40.0
40.0
40.0
40.0
40.0
40.0
40.0
40.0
40.0
40.0
40.0
40.0
40.0
40.0
40.0
40.0
40.0
40.0
40.0
40.0
40.0
40.0
40.0
40.0
40.0
40.0
40.0
40.0
40.0
40.0
40.0
40.0
40.0
40.0
40.0
40.0
40.0
40.0
40.0
40.0
40.0
40.0
40.0
40.0
40.0
40.0
40.0
40.0
40.0
